[0.143s] Invoking command in '/home/nammy/micro_ros_ws/firmware/mcu_ws/build/tracetools': CMAKE_PREFIX_PATH=${CMAKE_PREFIX_PATH}:/home/nammy/micro_ros_ws/firmware/dev_ws/install/ament_uncrustify:/home/nammy/micro_ros_ws/firmware/dev_ws/install/domain_coordinator:/home/nammy/micro_ros_ws/firmware/dev_ws/install/ament_xmllint:/home/nammy/micro_ros_ws/firmware/dev_ws/install/ament_pyflakes:/home/nammy/micro_ros_ws/firmware/dev_ws/install/ament_pycodestyle:/home/nammy/micro_ros_ws/firmware/dev_ws/install/ament_pep257:/home/nammy/micro_ros_ws/firmware/dev_ws/install/ament_pclint:/home/nammy/micro_ros_ws/firmware/dev_ws/install/ament_package:/home/nammy/micro_ros_ws/firmware/dev_ws/install/ament_mypy:/home/nammy/micro_ros_ws/firmware/dev_ws/install/ament_lint_cmake:/home/nammy/micro_ros_ws/firmware/dev_ws/install/ament_flake8:/home/nammy/micro_ros_ws/firmware/dev_ws/install/ament_copyright:/home/nammy/micro_ros_ws/firmware/dev_ws/install/ament_lint:/home/nammy/micro_ros_ws/firmware/dev_ws/install/ament_index_python:/home/nammy/micro_ros_ws/firmware/dev_ws/install/ament_cpplint:/home/nammy/micro_ros_ws/firmware/dev_ws/install/ament_cppcheck:/home/nammy/micro_ros_ws/firmware/dev_ws/install/ament_clang_tidy:/home/nammy/micro_ros_ws/firmware/dev_ws/install/ament_clang_format /usr/bin/cmake /home/nammy/micro_ros_ws/firmware/mcu_ws/uros/tracetools/tracetools --no-warn-unused-cli -DCMAKE_POSITION_INDEPENDENT_CODE:BOOL=OFF -DTHIRDPARTY=ON -DBUILD_SHARED_LIBS=OFF -DBUILD_TESTING=OFF -DCMAKE_BUILD_TYPE=Debug -DCMAKE_TOOLCHAIN_FILE=/home/nammy/micro_ros_ws/firmware/freertos_apps/microros_esp32_extensions/esp32_toolchain.cmake -DCMAKE_VERBOSE_MAKEFILE=ON -DTRACETOOLS_DISABLED=ON -DTRACETOOLS_STATUS_CHECKING_TOOL=OFF -DCMAKE_INSTALL_PREFIX=/home/nammy/micro_ros_ws/firmware/mcu_ws/install
[0.403s] Not searching for unused variables given on the command line.
[0.403s] -- The C compiler identification is GNU 8.2.0
[0.403s] -- The CXX compiler identification is GNU 8.2.0
[0.403s] -- Detecting C compiler ABI info
[0.403s] -- Detecting C compiler ABI info - done
[0.403s] -- Check for working C compiler: /home/nammy/micro_ros_ws/firmware/toolchain/espressif/tools/xtensa-esp32-elf/esp-2020r2-8.2.0/xtensa-esp32-elf/bin/xtensa-esp32-elf-gcc - skipped
[0.403s] -- Detecting C compile features
[0.403s] -- Detecting C compile features - done
[0.403s] -- Detecting CXX compiler ABI info
[0.403s] -- Detecting CXX compiler ABI info - done
[0.403s] -- Check for working CXX compiler: /home/nammy/micro_ros_ws/firmware/toolchain/espressif/tools/xtensa-esp32-elf/esp-2020r2-8.2.0/xtensa-esp32-elf/bin/xtensa-esp32-elf-g++ - skipped
[0.404s] -- Detecting CXX compile features
[0.404s] -- Detecting CXX compile features - done
[0.404s] -- Found ament_cmake_ros: 0.10.0 (/home/nammy/micro_ros_ws/firmware/dev_ws/install/ament_cmake_ros/share/ament_cmake_ros/cmake)
[0.538s] -- Found Python3: /home/nammy/micro_ros_ws/firmware/toolchain/espressif/python_env/idf4.1_py3.10_env/bin/python3 (found version "3.10.12") found components: Interpreter 
[0.692s] -- Configuring done
[0.693s] -- Generating done
[0.694s] -- Build files have been written to: /home/nammy/micro_ros_ws/firmware/mcu_ws/build/tracetools
[0.698s] Invoked command in '/home/nammy/micro_ros_ws/firmware/mcu_ws/build/tracetools' returned '0': CMAKE_PREFIX_PATH=${CMAKE_PREFIX_PATH}:/home/nammy/micro_ros_ws/firmware/dev_ws/install/ament_uncrustify:/home/nammy/micro_ros_ws/firmware/dev_ws/install/domain_coordinator:/home/nammy/micro_ros_ws/firmware/dev_ws/install/ament_xmllint:/home/nammy/micro_ros_ws/firmware/dev_ws/install/ament_pyflakes:/home/nammy/micro_ros_ws/firmware/dev_ws/install/ament_pycodestyle:/home/nammy/micro_ros_ws/firmware/dev_ws/install/ament_pep257:/home/nammy/micro_ros_ws/firmware/dev_ws/install/ament_pclint:/home/nammy/micro_ros_ws/firmware/dev_ws/install/ament_package:/home/nammy/micro_ros_ws/firmware/dev_ws/install/ament_mypy:/home/nammy/micro_ros_ws/firmware/dev_ws/install/ament_lint_cmake:/home/nammy/micro_ros_ws/firmware/dev_ws/install/ament_flake8:/home/nammy/micro_ros_ws/firmware/dev_ws/install/ament_copyright:/home/nammy/micro_ros_ws/firmware/dev_ws/install/ament_lint:/home/nammy/micro_ros_ws/firmware/dev_ws/install/ament_index_python:/home/nammy/micro_ros_ws/firmware/dev_ws/install/ament_cpplint:/home/nammy/micro_ros_ws/firmware/dev_ws/install/ament_cppcheck:/home/nammy/micro_ros_ws/firmware/dev_ws/install/ament_clang_tidy:/home/nammy/micro_ros_ws/firmware/dev_ws/install/ament_clang_format /usr/bin/cmake /home/nammy/micro_ros_ws/firmware/mcu_ws/uros/tracetools/tracetools --no-warn-unused-cli -DCMAKE_POSITION_INDEPENDENT_CODE:BOOL=OFF -DTHIRDPARTY=ON -DBUILD_SHARED_LIBS=OFF -DBUILD_TESTING=OFF -DCMAKE_BUILD_TYPE=Debug -DCMAKE_TOOLCHAIN_FILE=/home/nammy/micro_ros_ws/firmware/freertos_apps/microros_esp32_extensions/esp32_toolchain.cmake -DCMAKE_VERBOSE_MAKEFILE=ON -DTRACETOOLS_DISABLED=ON -DTRACETOOLS_STATUS_CHECKING_TOOL=OFF -DCMAKE_INSTALL_PREFIX=/home/nammy/micro_ros_ws/firmware/mcu_ws/install
[0.699s] Invoking command in '/home/nammy/micro_ros_ws/firmware/mcu_ws/build/tracetools': CMAKE_PREFIX_PATH=${CMAKE_PREFIX_PATH}:/home/nammy/micro_ros_ws/firmware/dev_ws/install/ament_uncrustify:/home/nammy/micro_ros_ws/firmware/dev_ws/install/domain_coordinator:/home/nammy/micro_ros_ws/firmware/dev_ws/install/ament_xmllint:/home/nammy/micro_ros_ws/firmware/dev_ws/install/ament_pyflakes:/home/nammy/micro_ros_ws/firmware/dev_ws/install/ament_pycodestyle:/home/nammy/micro_ros_ws/firmware/dev_ws/install/ament_pep257:/home/nammy/micro_ros_ws/firmware/dev_ws/install/ament_pclint:/home/nammy/micro_ros_ws/firmware/dev_ws/install/ament_package:/home/nammy/micro_ros_ws/firmware/dev_ws/install/ament_mypy:/home/nammy/micro_ros_ws/firmware/dev_ws/install/ament_lint_cmake:/home/nammy/micro_ros_ws/firmware/dev_ws/install/ament_flake8:/home/nammy/micro_ros_ws/firmware/dev_ws/install/ament_copyright:/home/nammy/micro_ros_ws/firmware/dev_ws/install/ament_lint:/home/nammy/micro_ros_ws/firmware/dev_ws/install/ament_index_python:/home/nammy/micro_ros_ws/firmware/dev_ws/install/ament_cpplint:/home/nammy/micro_ros_ws/firmware/dev_ws/install/ament_cppcheck:/home/nammy/micro_ros_ws/firmware/dev_ws/install/ament_clang_tidy:/home/nammy/micro_ros_ws/firmware/dev_ws/install/ament_clang_format /usr/bin/cmake --build /home/nammy/micro_ros_ws/firmware/mcu_ws/build/tracetools -- -j20 -l20
[0.712s] gmake[4]: Entering directory '/home/nammy/micro_ros_ws/firmware/mcu_ws/build/tracetools'
[0.712s] /usr/bin/cmake -S/home/nammy/micro_ros_ws/firmware/mcu_ws/uros/tracetools/tracetools -B/home/nammy/micro_ros_ws/firmware/mcu_ws/build/tracetools --check-build-system CMakeFiles/Makefile.cmake 0
[0.723s] /usr/bin/cmake -E cmake_progress_start /home/nammy/micro_ros_ws/firmware/mcu_ws/build/tracetools/CMakeFiles /home/nammy/micro_ros_ws/firmware/mcu_ws/build/tracetools//CMakeFiles/progress.marks
[0.729s] /usr/bin/gmake  -f CMakeFiles/Makefile2 all
[0.730s] gmake[5]: Entering directory '/home/nammy/micro_ros_ws/firmware/mcu_ws/build/tracetools'
[0.730s] gmake[5]: Nothing to be done for 'all'.
[0.730s] gmake[5]: Leaving directory '/home/nammy/micro_ros_ws/firmware/mcu_ws/build/tracetools'
[0.730s] /usr/bin/cmake -E cmake_progress_start /home/nammy/micro_ros_ws/firmware/mcu_ws/build/tracetools/CMakeFiles 0
[0.738s] gmake[4]: Leaving directory '/home/nammy/micro_ros_ws/firmware/mcu_ws/build/tracetools'
[0.740s] Invoked command in '/home/nammy/micro_ros_ws/firmware/mcu_ws/build/tracetools' returned '0': CMAKE_PREFIX_PATH=${CMAKE_PREFIX_PATH}:/home/nammy/micro_ros_ws/firmware/dev_ws/install/ament_uncrustify:/home/nammy/micro_ros_ws/firmware/dev_ws/install/domain_coordinator:/home/nammy/micro_ros_ws/firmware/dev_ws/install/ament_xmllint:/home/nammy/micro_ros_ws/firmware/dev_ws/install/ament_pyflakes:/home/nammy/micro_ros_ws/firmware/dev_ws/install/ament_pycodestyle:/home/nammy/micro_ros_ws/firmware/dev_ws/install/ament_pep257:/home/nammy/micro_ros_ws/firmware/dev_ws/install/ament_pclint:/home/nammy/micro_ros_ws/firmware/dev_ws/install/ament_package:/home/nammy/micro_ros_ws/firmware/dev_ws/install/ament_mypy:/home/nammy/micro_ros_ws/firmware/dev_ws/install/ament_lint_cmake:/home/nammy/micro_ros_ws/firmware/dev_ws/install/ament_flake8:/home/nammy/micro_ros_ws/firmware/dev_ws/install/ament_copyright:/home/nammy/micro_ros_ws/firmware/dev_ws/install/ament_lint:/home/nammy/micro_ros_ws/firmware/dev_ws/install/ament_index_python:/home/nammy/micro_ros_ws/firmware/dev_ws/install/ament_cpplint:/home/nammy/micro_ros_ws/firmware/dev_ws/install/ament_cppcheck:/home/nammy/micro_ros_ws/firmware/dev_ws/install/ament_clang_tidy:/home/nammy/micro_ros_ws/firmware/dev_ws/install/ament_clang_format /usr/bin/cmake --build /home/nammy/micro_ros_ws/firmware/mcu_ws/build/tracetools -- -j20 -l20
[0.742s] Invoking command in '/home/nammy/micro_ros_ws/firmware/mcu_ws/build/tracetools': CMAKE_PREFIX_PATH=${CMAKE_PREFIX_PATH}:/home/nammy/micro_ros_ws/firmware/dev_ws/install/ament_uncrustify:/home/nammy/micro_ros_ws/firmware/dev_ws/install/domain_coordinator:/home/nammy/micro_ros_ws/firmware/dev_ws/install/ament_xmllint:/home/nammy/micro_ros_ws/firmware/dev_ws/install/ament_pyflakes:/home/nammy/micro_ros_ws/firmware/dev_ws/install/ament_pycodestyle:/home/nammy/micro_ros_ws/firmware/dev_ws/install/ament_pep257:/home/nammy/micro_ros_ws/firmware/dev_ws/install/ament_pclint:/home/nammy/micro_ros_ws/firmware/dev_ws/install/ament_package:/home/nammy/micro_ros_ws/firmware/dev_ws/install/ament_mypy:/home/nammy/micro_ros_ws/firmware/dev_ws/install/ament_lint_cmake:/home/nammy/micro_ros_ws/firmware/dev_ws/install/ament_flake8:/home/nammy/micro_ros_ws/firmware/dev_ws/install/ament_copyright:/home/nammy/micro_ros_ws/firmware/dev_ws/install/ament_lint:/home/nammy/micro_ros_ws/firmware/dev_ws/install/ament_index_python:/home/nammy/micro_ros_ws/firmware/dev_ws/install/ament_cpplint:/home/nammy/micro_ros_ws/firmware/dev_ws/install/ament_cppcheck:/home/nammy/micro_ros_ws/firmware/dev_ws/install/ament_clang_tidy:/home/nammy/micro_ros_ws/firmware/dev_ws/install/ament_clang_format /usr/bin/cmake --install /home/nammy/micro_ros_ws/firmware/mcu_ws/build/tracetools
[0.748s] -- Install configuration: "Debug"
[0.748s] -- Up-to-date: /home/nammy/micro_ros_ws/firmware/mcu_ws/install/include/tracetools
[0.748s] -- Installing: /home/nammy/micro_ros_ws/firmware/mcu_ws/install/include/tracetools/tracetools
[0.748s] -- Installing: /home/nammy/micro_ros_ws/firmware/mcu_ws/install/include/tracetools/tracetools/utils.hpp
[0.748s] -- Installing: /home/nammy/micro_ros_ws/firmware/mcu_ws/install/include/tracetools/tracetools/tracetools.h
[0.748s] -- Installing: /home/nammy/micro_ros_ws/firmware/mcu_ws/install/include/tracetools/tracetools/config.h
[0.749s] -- Installing: /home/nammy/micro_ros_ws/firmware/mcu_ws/install/include/tracetools/tracetools/visibility_control.hpp
[0.749s] -- Installing: /home/nammy/micro_ros_ws/firmware/mcu_ws/install/share/ament_index/resource_index/package_run_dependencies/tracetools
[0.749s] -- Installing: /home/nammy/micro_ros_ws/firmware/mcu_ws/install/share/ament_index/resource_index/parent_prefix_path/tracetools
[0.749s] -- Installing: /home/nammy/micro_ros_ws/firmware/mcu_ws/install/share/tracetools/environment/ament_prefix_path.sh
[0.749s] -- Installing: /home/nammy/micro_ros_ws/firmware/mcu_ws/install/share/tracetools/environment/ament_prefix_path.dsv
[0.749s] -- Installing: /home/nammy/micro_ros_ws/firmware/mcu_ws/install/share/tracetools/environment/path.sh
[0.749s] -- Installing: /home/nammy/micro_ros_ws/firmware/mcu_ws/install/share/tracetools/environment/path.dsv
[0.749s] -- Installing: /home/nammy/micro_ros_ws/firmware/mcu_ws/install/share/tracetools/local_setup.bash
[0.749s] -- Installing: /home/nammy/micro_ros_ws/firmware/mcu_ws/install/share/tracetools/local_setup.sh
[0.750s] -- Installing: /home/nammy/micro_ros_ws/firmware/mcu_ws/install/share/tracetools/local_setup.zsh
[0.750s] -- Installing: /home/nammy/micro_ros_ws/firmware/mcu_ws/install/share/tracetools/local_setup.dsv
[0.750s] -- Installing: /home/nammy/micro_ros_ws/firmware/mcu_ws/install/share/tracetools/package.dsv
[0.751s] -- Installing: /home/nammy/micro_ros_ws/firmware/mcu_ws/install/share/ament_index/resource_index/packages/tracetools
[0.751s] -- Installing: /home/nammy/micro_ros_ws/firmware/mcu_ws/install/share/tracetools/cmake/tracetools_exportExport.cmake
[0.751s] -- Installing: /home/nammy/micro_ros_ws/firmware/mcu_ws/install/share/tracetools/cmake/ament_cmake_export_targets-extras.cmake
[0.751s] -- Installing: /home/nammy/micro_ros_ws/firmware/mcu_ws/install/share/tracetools/cmake/ament_cmake_export_include_directories-extras.cmake
[0.751s] -- Installing: /home/nammy/micro_ros_ws/firmware/mcu_ws/install/share/tracetools/cmake/tracetoolsConfig.cmake
[0.751s] -- Installing: /home/nammy/micro_ros_ws/firmware/mcu_ws/install/share/tracetools/cmake/tracetoolsConfig-version.cmake
[0.751s] -- Installing: /home/nammy/micro_ros_ws/firmware/mcu_ws/install/share/tracetools/package.xml
[0.752s] Invoked command in '/home/nammy/micro_ros_ws/firmware/mcu_ws/build/tracetools' returned '0': CMAKE_PREFIX_PATH=${CMAKE_PREFIX_PATH}:/home/nammy/micro_ros_ws/firmware/dev_ws/install/ament_uncrustify:/home/nammy/micro_ros_ws/firmware/dev_ws/install/domain_coordinator:/home/nammy/micro_ros_ws/firmware/dev_ws/install/ament_xmllint:/home/nammy/micro_ros_ws/firmware/dev_ws/install/ament_pyflakes:/home/nammy/micro_ros_ws/firmware/dev_ws/install/ament_pycodestyle:/home/nammy/micro_ros_ws/firmware/dev_ws/install/ament_pep257:/home/nammy/micro_ros_ws/firmware/dev_ws/install/ament_pclint:/home/nammy/micro_ros_ws/firmware/dev_ws/install/ament_package:/home/nammy/micro_ros_ws/firmware/dev_ws/install/ament_mypy:/home/nammy/micro_ros_ws/firmware/dev_ws/install/ament_lint_cmake:/home/nammy/micro_ros_ws/firmware/dev_ws/install/ament_flake8:/home/nammy/micro_ros_ws/firmware/dev_ws/install/ament_copyright:/home/nammy/micro_ros_ws/firmware/dev_ws/install/ament_lint:/home/nammy/micro_ros_ws/firmware/dev_ws/install/ament_index_python:/home/nammy/micro_ros_ws/firmware/dev_ws/install/ament_cpplint:/home/nammy/micro_ros_ws/firmware/dev_ws/install/ament_cppcheck:/home/nammy/micro_ros_ws/firmware/dev_ws/install/ament_clang_tidy:/home/nammy/micro_ros_ws/firmware/dev_ws/install/ament_clang_format /usr/bin/cmake --install /home/nammy/micro_ros_ws/firmware/mcu_ws/build/tracetools
