[0.571s] Invoking command in '/home/nammy/micro_ros_ws/firmware/mcu_ws/uros/tracetools/ros2trace': AMENT_PREFIX_PATH=/home/nammy/micro_ros_ws/firmware/mcu_ws/install:${AMENT_PREFIX_PATH} CMAKE_PREFIX_PATH=/home/nammy/micro_ros_ws/firmware/mcu_ws/install:${CMAKE_PREFIX_PATH} PATH=/home/nammy/micro_ros_ws/firmware/mcu_ws/install/bin:${PATH} PYTHONPATH=/home/nammy/micro_ros_ws/firmware/mcu_ws/build/ros2trace/prefix_override:/home/nammy/micro_ros_ws/firmware/toolchain/espressif/python_env/idf4.1_py3.10_env/lib/python3.10/site-packages/colcon_core/task/python/colcon_distutils_commands:/home/nammy/micro_ros_ws/firmware/mcu_ws/install/lib/python3.10/site-packages:/home/nammy/micro_ros_ws/firmware/mcu_ws/install/lib/python3.10/site-packages:${PYTHONPATH} /home/nammy/micro_ros_ws/firmware/toolchain/espressif/python_env/idf4.1_py3.10_env/bin/python -W ignore:setup.py install is deprecated -W ignore:easy_install command is deprecated setup.py egg_info --egg-base ../../../build/ros2trace build --build-base /home/nammy/micro_ros_ws/firmware/mcu_ws/build/ros2trace/build install --record /home/nammy/micro_ros_ws/firmware/mcu_ws/build/ros2trace/install.log --single-version-externally-managed install_data
[0.674s] /home/nammy/micro_ros_ws/firmware/toolchain/espressif/python_env/idf4.1_py3.10_env/lib/python3.10/site-packages/setuptools/_distutils/dist.py:289: UserWarning: Unknown distribution option: 'tests_require'
[0.674s]   warnings.warn(msg)
[0.696s] running egg_info
[0.700s] creating ../../../build/ros2trace/ros2trace.egg-info
[0.700s] writing ../../../build/ros2trace/ros2trace.egg-info/PKG-INFO
[0.700s] writing dependency_links to ../../../build/ros2trace/ros2trace.egg-info/dependency_links.txt
[0.700s] writing entry points to ../../../build/ros2trace/ros2trace.egg-info/entry_points.txt
[0.700s] writing requirements to ../../../build/ros2trace/ros2trace.egg-info/requires.txt
[0.701s] writing top-level names to ../../../build/ros2trace/ros2trace.egg-info/top_level.txt
[0.701s] writing manifest file '../../../build/ros2trace/ros2trace.egg-info/SOURCES.txt'
[0.709s] reading manifest file '../../../build/ros2trace/ros2trace.egg-info/SOURCES.txt'
[0.710s] writing manifest file '../../../build/ros2trace/ros2trace.egg-info/SOURCES.txt'
[0.710s] running build
[0.710s] running build_py
[0.710s] creating /home/nammy/micro_ros_ws/firmware/mcu_ws/build/ros2trace/build/lib/ros2trace
[0.710s] copying ros2trace/__init__.py -> /home/nammy/micro_ros_ws/firmware/mcu_ws/build/ros2trace/build/lib/ros2trace
[0.710s] creating /home/nammy/micro_ros_ws/firmware/mcu_ws/build/ros2trace/build/lib/ros2trace/api
[0.710s] copying ros2trace/api/__init__.py -> /home/nammy/micro_ros_ws/firmware/mcu_ws/build/ros2trace/build/lib/ros2trace/api
[0.710s] creating /home/nammy/micro_ros_ws/firmware/mcu_ws/build/ros2trace/build/lib/ros2trace/command
[0.710s] copying ros2trace/command/__init__.py -> /home/nammy/micro_ros_ws/firmware/mcu_ws/build/ros2trace/build/lib/ros2trace/command
[0.710s] copying ros2trace/command/trace.py -> /home/nammy/micro_ros_ws/firmware/mcu_ws/build/ros2trace/build/lib/ros2trace/command
[0.711s] running install
[0.714s] running install_lib
[0.717s] creating /home/nammy/micro_ros_ws/firmware/mcu_ws/install/lib/python3.10/site-packages/ros2trace
[0.718s] copying /home/nammy/micro_ros_ws/firmware/mcu_ws/build/ros2trace/build/lib/ros2trace/__init__.py -> /home/nammy/micro_ros_ws/firmware/mcu_ws/install/lib/python3.10/site-packages/ros2trace
[0.718s] creating /home/nammy/micro_ros_ws/firmware/mcu_ws/install/lib/python3.10/site-packages/ros2trace/api
[0.718s] copying /home/nammy/micro_ros_ws/firmware/mcu_ws/build/ros2trace/build/lib/ros2trace/api/__init__.py -> /home/nammy/micro_ros_ws/firmware/mcu_ws/install/lib/python3.10/site-packages/ros2trace/api
[0.718s] creating /home/nammy/micro_ros_ws/firmware/mcu_ws/install/lib/python3.10/site-packages/ros2trace/command
[0.718s] copying /home/nammy/micro_ros_ws/firmware/mcu_ws/build/ros2trace/build/lib/ros2trace/command/__init__.py -> /home/nammy/micro_ros_ws/firmware/mcu_ws/install/lib/python3.10/site-packages/ros2trace/command
[0.718s] copying /home/nammy/micro_ros_ws/firmware/mcu_ws/build/ros2trace/build/lib/ros2trace/command/trace.py -> /home/nammy/micro_ros_ws/firmware/mcu_ws/install/lib/python3.10/site-packages/ros2trace/command
[0.718s] byte-compiling /home/nammy/micro_ros_ws/firmware/mcu_ws/install/lib/python3.10/site-packages/ros2trace/__init__.py to __init__.cpython-310.pyc
[0.718s] byte-compiling /home/nammy/micro_ros_ws/firmware/mcu_ws/install/lib/python3.10/site-packages/ros2trace/api/__init__.py to __init__.cpython-310.pyc
[0.718s] byte-compiling /home/nammy/micro_ros_ws/firmware/mcu_ws/install/lib/python3.10/site-packages/ros2trace/command/__init__.py to __init__.cpython-310.pyc
[0.718s] byte-compiling /home/nammy/micro_ros_ws/firmware/mcu_ws/install/lib/python3.10/site-packages/ros2trace/command/trace.py to trace.cpython-310.pyc
[0.719s] running install_data
[0.719s] copying package.xml -> /home/nammy/micro_ros_ws/firmware/mcu_ws/install/share/ros2trace
[0.719s] copying resource/ros2trace -> /home/nammy/micro_ros_ws/firmware/mcu_ws/install/share/ament_index/resource_index/packages
[0.719s] running install_egg_info
[0.724s] Copying ../../../build/ros2trace/ros2trace.egg-info to /home/nammy/micro_ros_ws/firmware/mcu_ws/install/lib/python3.10/site-packages/ros2trace-4.1.1-py3.10.egg-info
[0.724s] running install_scripts
[0.753s] writing list of installed files to '/home/nammy/micro_ros_ws/firmware/mcu_ws/build/ros2trace/install.log'
[0.882s] Invoked command in '/home/nammy/micro_ros_ws/firmware/mcu_ws/uros/tracetools/ros2trace' returned '0': AMENT_PREFIX_PATH=/home/nammy/micro_ros_ws/firmware/mcu_ws/install:${AMENT_PREFIX_PATH} CMAKE_PREFIX_PATH=/home/nammy/micro_ros_ws/firmware/mcu_ws/install:${CMAKE_PREFIX_PATH} PATH=/home/nammy/micro_ros_ws/firmware/mcu_ws/install/bin:${PATH} PYTHONPATH=/home/nammy/micro_ros_ws/firmware/mcu_ws/build/ros2trace/prefix_override:/home/nammy/micro_ros_ws/firmware/toolchain/espressif/python_env/idf4.1_py3.10_env/lib/python3.10/site-packages/colcon_core/task/python/colcon_distutils_commands:/home/nammy/micro_ros_ws/firmware/mcu_ws/install/lib/python3.10/site-packages:/home/nammy/micro_ros_ws/firmware/mcu_ws/install/lib/python3.10/site-packages:${PYTHONPATH} /home/nammy/micro_ros_ws/firmware/toolchain/espressif/python_env/idf4.1_py3.10_env/bin/python -W ignore:setup.py install is deprecated -W ignore:easy_install command is deprecated setup.py egg_info --egg-base ../../../build/ros2trace build --build-base /home/nammy/micro_ros_ws/firmware/mcu_ws/build/ros2trace/build install --record /home/nammy/micro_ros_ws/firmware/mcu_ws/build/ros2trace/install.log --single-version-externally-managed install_data
