[0.626s] Invoking command in '/home/nammy/micro_ros_ws/firmware/mcu_ws/uros/tracetools/tracetools_trace': PYTHONPATH=/home/nammy/micro_ros_ws/firmware/mcu_ws/build/tracetools_trace/prefix_override:/home/nammy/micro_ros_ws/firmware/toolchain/espressif/python_env/idf4.1_py3.10_env/lib/python3.10/site-packages/colcon_core/task/python/colcon_distutils_commands:/home/nammy/micro_ros_ws/firmware/mcu_ws/install/lib/python3.10/site-packages:${PYTHONPATH} /home/nammy/micro_ros_ws/firmware/toolchain/espressif/python_env/idf4.1_py3.10_env/bin/python -W ignore:setup.py install is deprecated -W ignore:easy_install command is deprecated setup.py egg_info --egg-base ../../../build/tracetools_trace build --build-base /home/nammy/micro_ros_ws/firmware/mcu_ws/build/tracetools_trace/build install --record /home/nammy/micro_ros_ws/firmware/mcu_ws/build/tracetools_trace/install.log --single-version-externally-managed install_data
[0.722s] /home/nammy/micro_ros_ws/firmware/toolchain/espressif/python_env/idf4.1_py3.10_env/lib/python3.10/site-packages/setuptools/_distutils/dist.py:289: UserWarning: Unknown distribution option: 'tests_require'
[0.722s]   warnings.warn(msg)
[0.743s] running egg_info
[0.749s] creating ../../../build/tracetools_trace/tracetools_trace.egg-info
[0.749s] writing ../../../build/tracetools_trace/tracetools_trace.egg-info/PKG-INFO
[0.749s] writing dependency_links to ../../../build/tracetools_trace/tracetools_trace.egg-info/dependency_links.txt
[0.749s] writing entry points to ../../../build/tracetools_trace/tracetools_trace.egg-info/entry_points.txt
[0.749s] writing requirements to ../../../build/tracetools_trace/tracetools_trace.egg-info/requires.txt
[0.749s] writing top-level names to ../../../build/tracetools_trace/tracetools_trace.egg-info/top_level.txt
[0.749s] writing manifest file '../../../build/tracetools_trace/tracetools_trace.egg-info/SOURCES.txt'
[0.761s] reading manifest file '../../../build/tracetools_trace/tracetools_trace.egg-info/SOURCES.txt'
[0.761s] writing manifest file '../../../build/tracetools_trace/tracetools_trace.egg-info/SOURCES.txt'
[0.761s] running build
[0.761s] running build_py
[0.761s] creating /home/nammy/micro_ros_ws/firmware/mcu_ws/build/tracetools_trace/build/lib/tracetools_trace
[0.761s] copying tracetools_trace/__init__.py -> /home/nammy/micro_ros_ws/firmware/mcu_ws/build/tracetools_trace/build/lib/tracetools_trace
[0.761s] copying tracetools_trace/trace.py -> /home/nammy/micro_ros_ws/firmware/mcu_ws/build/tracetools_trace/build/lib/tracetools_trace
[0.761s] creating /home/nammy/micro_ros_ws/firmware/mcu_ws/build/tracetools_trace/build/lib/tracetools_trace/tools
[0.761s] copying tracetools_trace/tools/names.py -> /home/nammy/micro_ros_ws/firmware/mcu_ws/build/tracetools_trace/build/lib/tracetools_trace/tools
[0.761s] copying tracetools_trace/tools/path.py -> /home/nammy/micro_ros_ws/firmware/mcu_ws/build/tracetools_trace/build/lib/tracetools_trace/tools
[0.761s] copying tracetools_trace/tools/lttng_impl.py -> /home/nammy/micro_ros_ws/firmware/mcu_ws/build/tracetools_trace/build/lib/tracetools_trace/tools
[0.762s] copying tracetools_trace/tools/__init__.py -> /home/nammy/micro_ros_ws/firmware/mcu_ws/build/tracetools_trace/build/lib/tracetools_trace/tools
[0.762s] copying tracetools_trace/tools/lttng.py -> /home/nammy/micro_ros_ws/firmware/mcu_ws/build/tracetools_trace/build/lib/tracetools_trace/tools
[0.762s] copying tracetools_trace/tools/tracepoints.py -> /home/nammy/micro_ros_ws/firmware/mcu_ws/build/tracetools_trace/build/lib/tracetools_trace/tools
[0.762s] copying tracetools_trace/tools/args.py -> /home/nammy/micro_ros_ws/firmware/mcu_ws/build/tracetools_trace/build/lib/tracetools_trace/tools
[0.762s] copying tracetools_trace/tools/lttng_stub.py -> /home/nammy/micro_ros_ws/firmware/mcu_ws/build/tracetools_trace/build/lib/tracetools_trace/tools
[0.762s] copying tracetools_trace/tools/signals.py -> /home/nammy/micro_ros_ws/firmware/mcu_ws/build/tracetools_trace/build/lib/tracetools_trace/tools
[0.762s] running install
[0.762s] running install_lib
[0.762s] creating /home/nammy/micro_ros_ws/firmware/mcu_ws/install/lib/python3.10/site-packages/tracetools_trace
[0.762s] copying /home/nammy/micro_ros_ws/firmware/mcu_ws/build/tracetools_trace/build/lib/tracetools_trace/__init__.py -> /home/nammy/micro_ros_ws/firmware/mcu_ws/install/lib/python3.10/site-packages/tracetools_trace
[0.763s] creating /home/nammy/micro_ros_ws/firmware/mcu_ws/install/lib/python3.10/site-packages/tracetools_trace/tools
[0.763s] copying /home/nammy/micro_ros_ws/firmware/mcu_ws/build/tracetools_trace/build/lib/tracetools_trace/tools/names.py -> /home/nammy/micro_ros_ws/firmware/mcu_ws/install/lib/python3.10/site-packages/tracetools_trace/tools
[0.763s] copying /home/nammy/micro_ros_ws/firmware/mcu_ws/build/tracetools_trace/build/lib/tracetools_trace/tools/path.py -> /home/nammy/micro_ros_ws/firmware/mcu_ws/install/lib/python3.10/site-packages/tracetools_trace/tools
[0.763s] copying /home/nammy/micro_ros_ws/firmware/mcu_ws/build/tracetools_trace/build/lib/tracetools_trace/tools/lttng_impl.py -> /home/nammy/micro_ros_ws/firmware/mcu_ws/install/lib/python3.10/site-packages/tracetools_trace/tools
[0.763s] copying /home/nammy/micro_ros_ws/firmware/mcu_ws/build/tracetools_trace/build/lib/tracetools_trace/tools/__init__.py -> /home/nammy/micro_ros_ws/firmware/mcu_ws/install/lib/python3.10/site-packages/tracetools_trace/tools
[0.763s] copying /home/nammy/micro_ros_ws/firmware/mcu_ws/build/tracetools_trace/build/lib/tracetools_trace/tools/lttng.py -> /home/nammy/micro_ros_ws/firmware/mcu_ws/install/lib/python3.10/site-packages/tracetools_trace/tools
[0.763s] copying /home/nammy/micro_ros_ws/firmware/mcu_ws/build/tracetools_trace/build/lib/tracetools_trace/tools/tracepoints.py -> /home/nammy/micro_ros_ws/firmware/mcu_ws/install/lib/python3.10/site-packages/tracetools_trace/tools
[0.763s] copying /home/nammy/micro_ros_ws/firmware/mcu_ws/build/tracetools_trace/build/lib/tracetools_trace/tools/args.py -> /home/nammy/micro_ros_ws/firmware/mcu_ws/install/lib/python3.10/site-packages/tracetools_trace/tools
[0.763s] copying /home/nammy/micro_ros_ws/firmware/mcu_ws/build/tracetools_trace/build/lib/tracetools_trace/tools/lttng_stub.py -> /home/nammy/micro_ros_ws/firmware/mcu_ws/install/lib/python3.10/site-packages/tracetools_trace/tools
[0.763s] copying /home/nammy/micro_ros_ws/firmware/mcu_ws/build/tracetools_trace/build/lib/tracetools_trace/tools/signals.py -> /home/nammy/micro_ros_ws/firmware/mcu_ws/install/lib/python3.10/site-packages/tracetools_trace/tools
[0.764s] copying /home/nammy/micro_ros_ws/firmware/mcu_ws/build/tracetools_trace/build/lib/tracetools_trace/trace.py -> /home/nammy/micro_ros_ws/firmware/mcu_ws/install/lib/python3.10/site-packages/tracetools_trace
[0.764s] byte-compiling /home/nammy/micro_ros_ws/firmware/mcu_ws/install/lib/python3.10/site-packages/tracetools_trace/__init__.py to __init__.cpython-310.pyc
[0.764s] byte-compiling /home/nammy/micro_ros_ws/firmware/mcu_ws/install/lib/python3.10/site-packages/tracetools_trace/tools/names.py to names.cpython-310.pyc
[0.764s] byte-compiling /home/nammy/micro_ros_ws/firmware/mcu_ws/install/lib/python3.10/site-packages/tracetools_trace/tools/path.py to path.cpython-310.pyc
[0.764s] byte-compiling /home/nammy/micro_ros_ws/firmware/mcu_ws/install/lib/python3.10/site-packages/tracetools_trace/tools/lttng_impl.py to lttng_impl.cpython-310.pyc
[0.765s] byte-compiling /home/nammy/micro_ros_ws/firmware/mcu_ws/install/lib/python3.10/site-packages/tracetools_trace/tools/__init__.py to __init__.cpython-310.pyc
[0.765s] byte-compiling /home/nammy/micro_ros_ws/firmware/mcu_ws/install/lib/python3.10/site-packages/tracetools_trace/tools/lttng.py to lttng.cpython-310.pyc
[0.766s] byte-compiling /home/nammy/micro_ros_ws/firmware/mcu_ws/install/lib/python3.10/site-packages/tracetools_trace/tools/tracepoints.py to tracepoints.cpython-310.pyc
[0.766s] byte-compiling /home/nammy/micro_ros_ws/firmware/mcu_ws/install/lib/python3.10/site-packages/tracetools_trace/tools/args.py to args.cpython-310.pyc
[0.766s] byte-compiling /home/nammy/micro_ros_ws/firmware/mcu_ws/install/lib/python3.10/site-packages/tracetools_trace/tools/lttng_stub.py to lttng_stub.cpython-310.pyc
[0.766s] byte-compiling /home/nammy/micro_ros_ws/firmware/mcu_ws/install/lib/python3.10/site-packages/tracetools_trace/tools/signals.py to signals.cpython-310.pyc
[0.767s] byte-compiling /home/nammy/micro_ros_ws/firmware/mcu_ws/install/lib/python3.10/site-packages/tracetools_trace/trace.py to trace.cpython-310.pyc
[0.767s] running install_data
[0.767s] copying package.xml -> /home/nammy/micro_ros_ws/firmware/mcu_ws/install/share/tracetools_trace
[0.768s] copying resource/tracetools_trace -> /home/nammy/micro_ros_ws/firmware/mcu_ws/install/share/ament_index/resource_index/packages
[0.768s] running install_egg_info
[0.772s] Copying ../../../build/tracetools_trace/tracetools_trace.egg-info to /home/nammy/micro_ros_ws/firmware/mcu_ws/install/lib/python3.10/site-packages/tracetools_trace-4.1.1-py3.10.egg-info
[0.772s] running install_scripts
[0.798s] Installing trace script to /home/nammy/micro_ros_ws/firmware/mcu_ws/install/bin
[0.798s] writing list of installed files to '/home/nammy/micro_ros_ws/firmware/mcu_ws/build/tracetools_trace/install.log'
[0.816s] Invoked command in '/home/nammy/micro_ros_ws/firmware/mcu_ws/uros/tracetools/tracetools_trace' returned '0': PYTHONPATH=/home/nammy/micro_ros_ws/firmware/mcu_ws/build/tracetools_trace/prefix_override:/home/nammy/micro_ros_ws/firmware/toolchain/espressif/python_env/idf4.1_py3.10_env/lib/python3.10/site-packages/colcon_core/task/python/colcon_distutils_commands:/home/nammy/micro_ros_ws/firmware/mcu_ws/install/lib/python3.10/site-packages:${PYTHONPATH} /home/nammy/micro_ros_ws/firmware/toolchain/espressif/python_env/idf4.1_py3.10_env/bin/python -W ignore:setup.py install is deprecated -W ignore:easy_install command is deprecated setup.py egg_info --egg-base ../../../build/tracetools_trace build --build-base /home/nammy/micro_ros_ws/firmware/mcu_ws/build/tracetools_trace/build install --record /home/nammy/micro_ros_ws/firmware/mcu_ws/build/tracetools_trace/install.log --single-version-externally-managed install_data
