Not searching for unused variables given on the command line.
-- The C compiler identification is GNU 8.2.0
-- The CXX compiler identification is GNU 8.2.0
-- Detecting C compiler ABI info
-- Detecting C compiler ABI info - done
-- Check for working C compiler: /home/nammy/micro_ros_ws/firmware/toolchain/espressif/tools/xtensa-esp32-elf/esp-2020r2-8.2.0/xtensa-esp32-elf/bin/xtensa-esp32-elf-gcc - skipped
-- Detecting C compile features
-- Detecting C compile features - done
-- Detecting CXX compiler ABI info
-- Detecting CXX compiler ABI info - done
-- Check for working CXX compiler: /home/nammy/micro_ros_ws/firmware/toolchain/espressif/tools/xtensa-esp32-elf/esp-2020r2-8.2.0/xtensa-esp32-elf/bin/xtensa-esp32-elf-g++ - skipped
-- Detecting CXX compile features
-- Detecting CXX compile features - done
-- Found ament_cmake_ros: 0.10.0 (/home/nammy/micro_ros_ws/firmware/dev_ws/install/ament_cmake_ros/share/ament_cmake_ros/cmake)
-- Found Python3: /home/nammy/micro_ros_ws/firmware/toolchain/espressif/python_env/idf4.1_py3.10_env/bin/python3 (found version "3.10.12") found components: Interpreter 
-- Found std_msgs: 4.9.0 (/home/nammy/micro_ros_ws/firmware/mcu_ws/install/share/std_msgs/cmake)
-- Using all available rosidl_typesupport_c: rosidl_typesupport_introspection_c;rosidl_typesupport_microxrcedds_c
-- Found rosidl_adapter: 3.1.8 (/home/nammy/micro_ros_ws/firmware/mcu_ws/install/share/rosidl_adapter/cmake)
-- Found lifecycle_msgs: 1.2.2 (/home/nammy/micro_ros_ws/firmware/mcu_ws/install/share/lifecycle_msgs/cmake)
-- Found rcl_lifecycle: 5.3.10 (/home/nammy/micro_ros_ws/firmware/mcu_ws/install/share/rcl_lifecycle/cmake)
-- Found rmw_implementation_cmake: 6.1.2 (/home/nammy/micro_ros_ws/firmware/mcu_ws/install/share/rmw_implementation_cmake/cmake)
-- Found rmw_microxrcedds: 3.0.3 (/home/nammy/micro_ros_ws/firmware/mcu_ws/install/share/rmw_microxrcedds/cmake)
-- Using RMW implementation 'rmw_microxrcedds'
-- Found rclc: 4.0.2 (/home/nammy/micro_ros_ws/firmware/mcu_ws/install/share/rclc/cmake)
-- Found rcl_lifecycle version 5.3.10, which belongs to Foxy or later
-- Configuring done
-- Generating done
-- Build files have been written to: /home/nammy/micro_ros_ws/firmware/mcu_ws/build/rclc_lifecycle
gmake[4]: Entering directory '/home/nammy/micro_ros_ws/firmware/mcu_ws/build/rclc_lifecycle'
/usr/bin/cmake -S/home/nammy/micro_ros_ws/firmware/mcu_ws/uros/rclc/rclc_lifecycle -B/home/nammy/micro_ros_ws/firmware/mcu_ws/build/rclc_lifecycle --check-build-system CMakeFiles/Makefile.cmake 0
/usr/bin/cmake -E cmake_progress_start /home/nammy/micro_ros_ws/firmware/mcu_ws/build/rclc_lifecycle/CMakeFiles /home/nammy/micro_ros_ws/firmware/mcu_ws/build/rclc_lifecycle//CMakeFiles/progress.marks
/usr/bin/gmake  -f CMakeFiles/Makefile2 all
gmake[5]: Entering directory '/home/nammy/micro_ros_ws/firmware/mcu_ws/build/rclc_lifecycle'
/usr/bin/gmake  -f CMakeFiles/rclc_lifecycle.dir/build.make CMakeFiles/rclc_lifecycle.dir/depend
gmake[6]: Entering directory '/home/nammy/micro_ros_ws/firmware/mcu_ws/build/rclc_lifecycle'
cd /home/nammy/micro_ros_ws/firmware/mcu_ws/build/rclc_lifecycle && /usr/bin/cmake -E cmake_depends "Unix Makefiles" /home/nammy/micro_ros_ws/firmware/mcu_ws/uros/rclc/rclc_lifecycle /home/nammy/micro_ros_ws/firmware/mcu_ws/uros/rclc/rclc_lifecycle /home/nammy/micro_ros_ws/firmware/mcu_ws/build/rclc_lifecycle /home/nammy/micro_ros_ws/firmware/mcu_ws/build/rclc_lifecycle /home/nammy/micro_ros_ws/firmware/mcu_ws/build/rclc_lifecycle/CMakeFiles/rclc_lifecycle.dir/DependInfo.cmake --color=
gmake[6]: Leaving directory '/home/nammy/micro_ros_ws/firmware/mcu_ws/build/rclc_lifecycle'
/usr/bin/gmake  -f CMakeFiles/rclc_lifecycle.dir/build.make CMakeFiles/rclc_lifecycle.dir/build
gmake[6]: Entering directory '/home/nammy/micro_ros_ws/firmware/mcu_ws/build/rclc_lifecycle'
[ 50%] Building C object CMakeFiles/rclc_lifecycle.dir/src/rclc_lifecycle/rclc_lifecycle.c.obj
/home/nammy/micro_ros_ws/firmware/toolchain/espressif/tools/xtensa-esp32-elf/esp-2020r2-8.2.0/xtensa-esp32-elf/bin/xtensa-esp32-elf-gcc -DLWIP_IPV4 -DLWIP_IPV6 -DRCLC_LIFECYCLE_BUILDING_LIBRARY -DRCLC_LIFECYCLE_MAX_STRING_LENGTH=20 -DROS_PACKAGE_NAME=\"rclc_lifecycle\" -I/home/nammy/micro_ros_ws/firmware/freertos_apps/microros_esp32_extensions/build/config -I/home/nammy/micro_ros_ws/firmware/toolchain/esp-idf/components/newlib/platform_include -I/home/nammy/micro_ros_ws/firmware/toolchain/esp-idf/components/protocomm/include -I/home/nammy/micro_ros_ws/firmware/toolchain/esp-idf/components/esp_rom/include -I/home/nammy/micro_ros_ws/firmware/toolchain/esp-idf/components/driver/include -I/home/nammy/micro_ros_ws/firmware/toolchain/esp-idf/components/wear_levelling/include -I/home/nammy/micro_ros_ws/firmware/toolchain/esp-idf/components/vfs/include -I/home/nammy/micro_ros_ws/firmware/toolchain/esp-idf/components/log/include -I/home/nammy/micro_ros_ws/firmware/toolchain/esp-idf/components/freertos/include -I/home/nammy/micro_ros_ws/firmware/toolchain/esp-idf/components/wifi_provisioning/include -I/home/nammy/micro_ros_ws/firmware/toolchain/esp-idf/components/pthread/include -I/home/nammy/micro_ros_ws/firmware/toolchain/esp-idf/components/libsodium/libsodium/src/libsodium/include -I/home/nammy/micro_ros_ws/firmware/toolchain/esp-idf/components/coap/port/include -I/home/nammy/micro_ros_ws/firmware/toolchain/esp-idf/components/coap/libcoap/include -I/home/nammy/micro_ros_ws/firmware/toolchain/esp-idf/components/tcp_transport/include -I/home/nammy/micro_ros_ws/firmware/toolchain/esp-idf/components/unity/include -I/home/nammy/micro_ros_ws/firmware/toolchain/esp-idf/components/esp32/include -I/home/nammy/micro_ros_ws/firmware/toolchain/esp-idf/components/asio/port/include -I/home/nammy/micro_ros_ws/firmware/toolchain/esp-idf/components/asio/asio/asio/include -I/home/nammy/micro_ros_ws/firmware/toolchain/esp-idf/components/app_update/include -I/home/nammy/micro_ros_ws/firmware/toolchain/esp-idf/components/esp_ringbuf/include -I/home/nammy/micro_ros_ws/firmware/toolchain/esp-idf/components/soc/esp32/include -I/home/nammy/micro_ros_ws/firmware/toolchain/esp-idf/components/soc/include -I/home/nammy/micro_ros_ws/firmware/toolchain/esp-idf/components/efuse/test/include -I/home/nammy/micro_ros_ws/firmware/toolchain/esp-idf/components/efuse/esp32/include -I/home/nammy/micro_ros_ws/firmware/toolchain/esp-idf/components/efuse/include -I/home/nammy/micro_ros_ws/firmware/toolchain/esp-idf/components/mbedtls/port/include -I/home/nammy/micro_ros_ws/firmware/toolchain/esp-idf/components/mbedtls/mbedtls/include -I/home/nammy/micro_ros_ws/firmware/toolchain/esp-idf/components/xtensa/esp32/include -I/home/nammy/micro_ros_ws/firmware/toolchain/esp-idf/components/xtensa/include -I/home/nammy/micro_ros_ws/firmware/toolchain/esp-idf/components/app_trace/include -I/home/nammy/micro_ros_ws/firmware/toolchain/esp-idf/components/nvs_flash/include -I/home/nammy/micro_ros_ws/firmware/toolchain/esp-idf/components/jsmn/include -I/home/nammy/micro_ros_ws/firmware/toolchain/esp-idf/components/esp_eth/include -I/home/nammy/micro_ros_ws/firmware/toolchain/esp-idf/components/spiffs/include -I/home/nammy/micro_ros_ws/firmware/toolchain/esp-idf/components/ulp/include -I/home/nammy/micro_ros_ws/firmware/toolchain/esp-idf/components/mdns/include -I/home/nammy/micro_ros_ws/firmware/toolchain/esp-idf/components/freemodbus/modbus/include -I/home/nammy/micro_ros_ws/firmware/toolchain/esp-idf/components/freemodbus/common/include -I/home/nammy/micro_ros_ws/firmware/toolchain/esp-idf/components/esp_event/include -I/home/nammy/micro_ros_ws/firmware/toolchain/esp-idf/components/expat/port/include -I/home/nammy/micro_ros_ws/firmware/toolchain/esp-idf/components/bootloader_support/include -I/home/nammy/micro_ros_ws/firmware/toolchain/esp-idf/components/heap/include -I/home/nammy/micro_ros_ws/firmware/toolchain/esp-idf/components/wpa_supplicant/port/include -I/home/nammy/micro_ros_ws/firmware/toolchain/esp-idf/components/wpa_supplicant/include -I/home/nammy/micro_ros_ws/firmware/toolchain/esp-idf/components/tcpip_adapter/include -I/home/nammy/micro_ros_ws/firmware/toolchain/esp-idf/components/openssl/include -I/home/nammy/micro_ros_ws/firmware/toolchain/esp-idf/components/sdmmc/include -I/home/nammy/micro_ros_ws/firmware/toolchain/esp-idf/components/esp_local_ctrl/include -I/home/nammy/micro_ros_ws/firmware/toolchain/esp-idf/components/esp_common/include -I/home/nammy/micro_ros_ws/firmware/toolchain/esp-idf/components/lwip/lwip/src/include/lwip/apps -I/home/nammy/micro_ros_ws/firmware/toolchain/esp-idf/components/lwip/lwip/src/include/compat/posix -I/home/nammy/micro_ros_ws/firmware/toolchain/esp-idf/components/lwip/lwip/src/include -I/home/nammy/micro_ros_ws/firmware/toolchain/esp-idf/components/lwip/port/esp32/include -I/home/nammy/micro_ros_ws/firmware/mcu_ws/uros/rclc/rclc_lifecycle/include -I/home/nammy/micro_ros_ws/firmware/mcu_ws/uros/rclc/rclc_lifecycle/src -isystem /home/nammy/micro_ros_ws/firmware/mcu_ws/install/include -isystem /home/nammy/micro_ros_ws/firmware/mcu_ws/install/include/rosidl_typesupport_interface -isystem /home/nammy/micro_ros_ws/firmware/mcu_ws/install/include/rcutils -isystem /home/nammy/micro_ros_ws/firmware/mcu_ws/install/include/rcl_lifecycle -isystem /home/nammy/micro_ros_ws/firmware/mcu_ws/install/include/std_msgs -isystem /home/nammy/micro_ros_ws/firmware/mcu_ws/install/include/lifecycle_msgs -isystem /home/nammy/micro_ros_ws/firmware/mcu_ws/install/include/rcl -isystem /home/nammy/micro_ros_ws/firmware/mcu_ws/install/include/rcl_interfaces -isystem /home/nammy/micro_ros_ws/firmware/mcu_ws/install/include/builtin_interfaces -isystem /home/nammy/micro_ros_ws/firmware/mcu_ws/install/include/rosidl_runtime_c -isystem /home/nammy/micro_ros_ws/firmware/mcu_ws/install/include/rosidl_typesupport_introspection_c -isystem /home/nammy/micro_ros_ws/firmware/mcu_ws/install/include/rcl_logging_interface -isystem /home/nammy/micro_ros_ws/firmware/mcu_ws/install/include/rmw -isystem /home/nammy/micro_ros_ws/firmware/mcu_ws/install/include/tracetools -isystem /home/nammy/micro_ros_ws/firmware/mcu_ws/install/include/rcl_action -isystem /home/nammy/micro_ros_ws/firmware/mcu_ws/install/include/action_msgs -isystem /home/nammy/micro_ros_ws/firmware/mcu_ws/install/include/unique_identifier_msgs -mlongcalls -Wno-frame-address -mlongcalls -Wno-frame-address -g -Wall -Wextra -Wpedantic -std=gnu99 -MD -MT CMakeFiles/rclc_lifecycle.dir/src/rclc_lifecycle/rclc_lifecycle.c.obj -MF CMakeFiles/rclc_lifecycle.dir/src/rclc_lifecycle/rclc_lifecycle.c.obj.d -o CMakeFiles/rclc_lifecycle.dir/src/rclc_lifecycle/rclc_lifecycle.c.obj -c /home/nammy/micro_ros_ws/firmware/mcu_ws/uros/rclc/rclc_lifecycle/src/rclc_lifecycle/rclc_lifecycle.c
[100%] Linking CXX static library librclc_lifecycle.a
/usr/bin/cmake -P CMakeFiles/rclc_lifecycle.dir/cmake_clean_target.cmake
/usr/bin/cmake -E cmake_link_script CMakeFiles/rclc_lifecycle.dir/link.txt --verbose=1
/home/nammy/micro_ros_ws/firmware/toolchain/espressif/tools/xtensa-esp32-elf/esp-2020r2-8.2.0/xtensa-esp32-elf/bin/xtensa-esp32-elf-ar qc librclc_lifecycle.a CMakeFiles/rclc_lifecycle.dir/src/rclc_lifecycle/rclc_lifecycle.c.obj
/home/nammy/micro_ros_ws/firmware/toolchain/espressif/tools/xtensa-esp32-elf/esp-2020r2-8.2.0/xtensa-esp32-elf/bin/xtensa-esp32-elf-ranlib librclc_lifecycle.a
gmake[6]: Leaving directory '/home/nammy/micro_ros_ws/firmware/mcu_ws/build/rclc_lifecycle'
[100%] Built target rclc_lifecycle
gmake[5]: Leaving directory '/home/nammy/micro_ros_ws/firmware/mcu_ws/build/rclc_lifecycle'
/usr/bin/cmake -E cmake_progress_start /home/nammy/micro_ros_ws/firmware/mcu_ws/build/rclc_lifecycle/CMakeFiles 0
gmake[4]: Leaving directory '/home/nammy/micro_ros_ws/firmware/mcu_ws/build/rclc_lifecycle'
-- Install configuration: "Debug"
-- Installing: /home/nammy/micro_ros_ws/firmware/mcu_ws/install/lib/librclc_lifecycle.a
-- Up-to-date: /home/nammy/micro_ros_ws/firmware/mcu_ws/install/include
-- Up-to-date: /home/nammy/micro_ros_ws/firmware/mcu_ws/install/include/rclc_lifecycle
-- Installing: /home/nammy/micro_ros_ws/firmware/mcu_ws/install/include/rclc_lifecycle/rclc_lifecycle.h
-- Installing: /home/nammy/micro_ros_ws/firmware/mcu_ws/install/include/rclc_lifecycle/visibility_control.h
-- Installing: /home/nammy/micro_ros_ws/firmware/mcu_ws/install/share/rclc_lifecycle/environment/library_path.sh
-- Installing: /home/nammy/micro_ros_ws/firmware/mcu_ws/install/share/rclc_lifecycle/environment/library_path.dsv
-- Installing: /home/nammy/micro_ros_ws/firmware/mcu_ws/install/share/ament_index/resource_index/package_run_dependencies/rclc_lifecycle
-- Installing: /home/nammy/micro_ros_ws/firmware/mcu_ws/install/share/ament_index/resource_index/parent_prefix_path/rclc_lifecycle
-- Installing: /home/nammy/micro_ros_ws/firmware/mcu_ws/install/share/rclc_lifecycle/environment/ament_prefix_path.sh
-- Installing: /home/nammy/micro_ros_ws/firmware/mcu_ws/install/share/rclc_lifecycle/environment/ament_prefix_path.dsv
-- Installing: /home/nammy/micro_ros_ws/firmware/mcu_ws/install/share/rclc_lifecycle/environment/path.sh
-- Installing: /home/nammy/micro_ros_ws/firmware/mcu_ws/install/share/rclc_lifecycle/environment/path.dsv
-- Installing: /home/nammy/micro_ros_ws/firmware/mcu_ws/install/share/rclc_lifecycle/local_setup.bash
-- Installing: /home/nammy/micro_ros_ws/firmware/mcu_ws/install/share/rclc_lifecycle/local_setup.sh
-- Installing: /home/nammy/micro_ros_ws/firmware/mcu_ws/install/share/rclc_lifecycle/local_setup.zsh
-- Installing: /home/nammy/micro_ros_ws/firmware/mcu_ws/install/share/rclc_lifecycle/local_setup.dsv
-- Installing: /home/nammy/micro_ros_ws/firmware/mcu_ws/install/share/rclc_lifecycle/package.dsv
-- Installing: /home/nammy/micro_ros_ws/firmware/mcu_ws/install/share/ament_index/resource_index/packages/rclc_lifecycle
-- Installing: /home/nammy/micro_ros_ws/firmware/mcu_ws/install/share/rclc_lifecycle/cmake/rclc_lifecycleExport.cmake
-- Installing: /home/nammy/micro_ros_ws/firmware/mcu_ws/install/share/rclc_lifecycle/cmake/rclc_lifecycleExport-debug.cmake
-- Installing: /home/nammy/micro_ros_ws/firmware/mcu_ws/install/share/rclc_lifecycle/cmake/ament_cmake_export_include_directories-extras.cmake
-- Installing: /home/nammy/micro_ros_ws/firmware/mcu_ws/install/share/rclc_lifecycle/cmake/ament_cmake_export_libraries-extras.cmake
-- Installing: /home/nammy/micro_ros_ws/firmware/mcu_ws/install/share/rclc_lifecycle/cmake/ament_cmake_export_targets-extras.cmake
-- Installing: /home/nammy/micro_ros_ws/firmware/mcu_ws/install/share/rclc_lifecycle/cmake/ament_cmake_export_dependencies-extras.cmake
-- Installing: /home/nammy/micro_ros_ws/firmware/mcu_ws/install/share/rclc_lifecycle/cmake/rclc_lifecycleConfig.cmake
-- Installing: /home/nammy/micro_ros_ws/firmware/mcu_ws/install/share/rclc_lifecycle/cmake/rclc_lifecycleConfig-version.cmake
-- Installing: /home/nammy/micro_ros_ws/firmware/mcu_ws/install/share/rclc_lifecycle/package.xml
