In file included from /home/nammy/micro_ros_ws/firmware/mcu_ws/eProsima/Micro-XRCE-DDS-Client/src/c/util/time.c:3:
/home/nammy/micro_ros_ws/firmware/toolchain/esp-idf/components/newlib/platform_include/time.h:22:2: warning: #include_next is a GCC extension
 #include_next <time.h>
  ^~~~~~~~~~~~
In file included from /home/nammy/micro_ros_ws/firmware/toolchain/esp-idf/components/lwip/port/esp32/include/lwipopts.h:36,
                 from /home/nammy/micro_ros_ws/firmware/toolchain/esp-idf/components/lwip/lwip/src/include/lwip/opt.h:51,
                 from /home/nammy/micro_ros_ws/firmware/toolchain/esp-idf/components/lwip/lwip/src/include/lwip/sockets.h:42,
                 from /home/nammy/micro_ros_ws/firmware/toolchain/esp-idf/components/lwip/lwip/src/include/compat/posix/arpa/inet.h:33,
                 from /home/nammy/micro_ros_ws/firmware/mcu_ws/eProsima/Micro-XRCE-DDS-Client/src/c/profile/transport/ip/ip_posix.c:18:
/home/nammy/micro_ros_ws/firmware/toolchain/esp-idf/components/newlib/platform_include/time.h:22:2: warning: #include_next is a GCC extension
 #include_next <time.h>
  ^~~~~~~~~~~~
In file included from /home/nammy/micro_ros_ws/firmware/toolchain/esp-idf/components/lwip/port/esp32/include/lwipopts.h:36,
                 from /home/nammy/micro_ros_ws/firmware/toolchain/esp-idf/components/lwip/lwip/src/include/lwip/opt.h:51,
                 from /home/nammy/micro_ros_ws/firmware/toolchain/esp-idf/components/lwip/lwip/src/include/lwip/sockets.h:42,
                 from /home/nammy/micro_ros_ws/firmware/toolchain/esp-idf/components/lwip/lwip/src/include/compat/posix/sys/socket.h:33,
                 from /home/nammy/micro_ros_ws/firmware/mcu_ws/eProsima/Micro-XRCE-DDS-Client/src/c/profile/transport/ip/udp/udp_transport_posix_nopoll.c:5:
/home/nammy/micro_ros_ws/firmware/toolchain/esp-idf/components/newlib/platform_include/time.h:22:2: warning: #include_next is a GCC extension
 #include_next <time.h>
  ^~~~~~~~~~~~
In file included from /home/nammy/micro_ros_ws/firmware/toolchain/esp-idf/components/lwip/port/esp32/include/lwipopts.h:38,
                 from /home/nammy/micro_ros_ws/firmware/toolchain/esp-idf/components/lwip/lwip/src/include/lwip/opt.h:51,
                 from /home/nammy/micro_ros_ws/firmware/toolchain/esp-idf/components/lwip/lwip/src/include/lwip/sockets.h:42,
                 from /home/nammy/micro_ros_ws/firmware/toolchain/esp-idf/components/lwip/lwip/src/include/compat/posix/sys/socket.h:33,
                 from /home/nammy/micro_ros_ws/firmware/mcu_ws/eProsima/Micro-XRCE-DDS-Client/src/c/profile/transport/ip/udp/udp_transport_posix_nopoll.c:5:
/home/nammy/micro_ros_ws/firmware/toolchain/esp-idf/components/newlib/platform_include/sys/time.h:16:2: warning: #include_next is a GCC extension
 #include_next <sys/time.h>
  ^~~~~~~~~~~~
In file included from /home/nammy/micro_ros_ws/firmware/toolchain/esp-idf/components/lwip/port/esp32/include/lwipopts.h:38,
                 from /home/nammy/micro_ros_ws/firmware/toolchain/esp-idf/components/lwip/lwip/src/include/lwip/opt.h:51,
                 from /home/nammy/micro_ros_ws/firmware/toolchain/esp-idf/components/lwip/lwip/src/include/lwip/sockets.h:42,
                 from /home/nammy/micro_ros_ws/firmware/toolchain/esp-idf/components/lwip/lwip/src/include/compat/posix/arpa/inet.h:33,
                 from /home/nammy/micro_ros_ws/firmware/mcu_ws/eProsima/Micro-XRCE-DDS-Client/src/c/profile/transport/ip/ip_posix.c:18:
/home/nammy/micro_ros_ws/firmware/toolchain/esp-idf/components/newlib/platform_include/sys/time.h:16:2: warning: #include_next is a GCC extension
 #include_next <sys/time.h>
  ^~~~~~~~~~~~
In file included from /home/nammy/micro_ros_ws/firmware/toolchain/esp-idf/components/esp_common/include/esp_err.h:18,
                 from /home/nammy/micro_ros_ws/firmware/toolchain/esp-idf/components/esp_common/include/esp_system.h:20,
                 from /home/nammy/micro_ros_ws/firmware/toolchain/esp-idf/components/lwip/port/esp32/include/lwipopts.h:44,
                 from /home/nammy/micro_ros_ws/firmware/toolchain/esp-idf/components/lwip/lwip/src/include/lwip/opt.h:51,
                 from /home/nammy/micro_ros_ws/firmware/toolchain/esp-idf/components/lwip/lwip/src/include/lwip/sockets.h:42,
                 from /home/nammy/micro_ros_ws/firmware/toolchain/esp-idf/components/lwip/lwip/src/include/compat/posix/sys/socket.h:33,
                 from /home/nammy/micro_ros_ws/firmware/mcu_ws/eProsima/Micro-XRCE-DDS-Client/src/c/profile/transport/ip/udp/udp_transport_posix_nopoll.c:5:
/home/nammy/micro_ros_ws/firmware/toolchain/esp-idf/components/newlib/platform_include/assert.h:24:2: warning: #include_next is a GCC extension
 #include_next <assert.h>
  ^~~~~~~~~~~~
In file included from /home/nammy/micro_ros_ws/firmware/toolchain/esp-idf/components/esp_common/include/esp_err.h:18,
                 from /home/nammy/micro_ros_ws/firmware/toolchain/esp-idf/components/esp_common/include/esp_system.h:20,
                 from /home/nammy/micro_ros_ws/firmware/toolchain/esp-idf/components/lwip/port/esp32/include/lwipopts.h:44,
                 from /home/nammy/micro_ros_ws/firmware/toolchain/esp-idf/components/lwip/lwip/src/include/lwip/opt.h:51,
                 from /home/nammy/micro_ros_ws/firmware/toolchain/esp-idf/components/lwip/lwip/src/include/lwip/sockets.h:42,
                 from /home/nammy/micro_ros_ws/firmware/toolchain/esp-idf/components/lwip/lwip/src/include/compat/posix/arpa/inet.h:33,
                 from /home/nammy/micro_ros_ws/firmware/mcu_ws/eProsima/Micro-XRCE-DDS-Client/src/c/profile/transport/ip/ip_posix.c:18:
/home/nammy/micro_ros_ws/firmware/toolchain/esp-idf/components/newlib/platform_include/assert.h:24:2: warning: #include_next is a GCC extension
 #include_next <assert.h>
  ^~~~~~~~~~~~
In file included from /home/nammy/micro_ros_ws/firmware/toolchain/esp-idf/components/lwip/port/esp32/include/arch/cc.h:38,
                 from /home/nammy/micro_ros_ws/firmware/toolchain/esp-idf/components/lwip/lwip/src/include/lwip/arch.h:48,
                 from /home/nammy/micro_ros_ws/firmware/toolchain/esp-idf/components/lwip/lwip/src/include/lwip/def.h:52,
                 from /home/nammy/micro_ros_ws/firmware/toolchain/esp-idf/components/lwip/lwip/src/include/lwip/ip_addr.h:41,
                 from /home/nammy/micro_ros_ws/firmware/toolchain/esp-idf/components/lwip/lwip/src/include/lwip/apps/sntp.h:41,
                 from /home/nammy/micro_ros_ws/firmware/toolchain/esp-idf/components/lwip/port/esp32/include/lwipopts.h:46,
                 from /home/nammy/micro_ros_ws/firmware/toolchain/esp-idf/components/lwip/lwip/src/include/lwip/opt.h:51,
                 from /home/nammy/micro_ros_ws/firmware/toolchain/esp-idf/components/lwip/lwip/src/include/lwip/sockets.h:42,
                 from /home/nammy/micro_ros_ws/firmware/toolchain/esp-idf/components/lwip/lwip/src/include/compat/posix/sys/socket.h:33,
                 from /home/nammy/micro_ros_ws/firmware/mcu_ws/eProsima/Micro-XRCE-DDS-Client/src/c/profile/transport/ip/udp/udp_transport_posix_nopoll.c:5:
/home/nammy/micro_ros_ws/firmware/toolchain/esp-idf/components/newlib/platform_include/errno.h:18:2: warning: #include_next is a GCC extension
 #include_next "errno.h"
  ^~~~~~~~~~~~
In file included from /home/nammy/micro_ros_ws/firmware/toolchain/esp-idf/components/lwip/port/esp32/include/arch/cc.h:38,
                 from /home/nammy/micro_ros_ws/firmware/toolchain/esp-idf/components/lwip/lwip/src/include/lwip/arch.h:48,
                 from /home/nammy/micro_ros_ws/firmware/toolchain/esp-idf/components/lwip/lwip/src/include/lwip/def.h:52,
                 from /home/nammy/micro_ros_ws/firmware/toolchain/esp-idf/components/lwip/lwip/src/include/lwip/ip_addr.h:41,
                 from /home/nammy/micro_ros_ws/firmware/toolchain/esp-idf/components/lwip/lwip/src/include/lwip/apps/sntp.h:41,
                 from /home/nammy/micro_ros_ws/firmware/toolchain/esp-idf/components/lwip/port/esp32/include/lwipopts.h:46,
                 from /home/nammy/micro_ros_ws/firmware/toolchain/esp-idf/components/lwip/lwip/src/include/lwip/opt.h:51,
                 from /home/nammy/micro_ros_ws/firmware/toolchain/esp-idf/components/lwip/lwip/src/include/lwip/sockets.h:42,
                 from /home/nammy/micro_ros_ws/firmware/toolchain/esp-idf/components/lwip/lwip/src/include/compat/posix/arpa/inet.h:33,
                 from /home/nammy/micro_ros_ws/firmware/mcu_ws/eProsima/Micro-XRCE-DDS-Client/src/c/profile/transport/ip/ip_posix.c:18:
/home/nammy/micro_ros_ws/firmware/toolchain/esp-idf/components/newlib/platform_include/errno.h:18:2: warning: #include_next is a GCC extension
 #include_next "errno.h"
  ^~~~~~~~~~~~
In file included from /home/nammy/micro_ros_ws/firmware/toolchain/esp-idf/components/freertos/include/freertos/portable.h:89,
                 from /home/nammy/micro_ros_ws/firmware/toolchain/esp-idf/components/freertos/include/freertos/FreeRTOS.h:107,
                 from /home/nammy/micro_ros_ws/firmware/toolchain/esp-idf/components/lwip/port/esp32/include/arch/sys_arch.h:36,
                 from /home/nammy/micro_ros_ws/firmware/toolchain/esp-idf/components/lwip/port/esp32/include/arch/cc.h:42,
                 from /home/nammy/micro_ros_ws/firmware/toolchain/esp-idf/components/lwip/lwip/src/include/lwip/arch.h:48,
                 from /home/nammy/micro_ros_ws/firmware/toolchain/esp-idf/components/lwip/lwip/src/include/lwip/def.h:52,
                 from /home/nammy/micro_ros_ws/firmware/toolchain/esp-idf/components/lwip/lwip/src/include/lwip/ip_addr.h:41,
                 from /home/nammy/micro_ros_ws/firmware/toolchain/esp-idf/components/lwip/lwip/src/include/lwip/apps/sntp.h:41,
                 from /home/nammy/micro_ros_ws/firmware/toolchain/esp-idf/components/lwip/port/esp32/include/lwipopts.h:46,
                 from /home/nammy/micro_ros_ws/firmware/toolchain/esp-idf/components/lwip/lwip/src/include/lwip/opt.h:51,
                 from /home/nammy/micro_ros_ws/firmware/toolchain/esp-idf/components/lwip/lwip/src/include/lwip/sockets.h:42,
                 from /home/nammy/micro_ros_ws/firmware/toolchain/esp-idf/components/lwip/lwip/src/include/compat/posix/sys/socket.h:33,
                 from /home/nammy/micro_ros_ws/firmware/mcu_ws/eProsima/Micro-XRCE-DDS-Client/src/c/profile/transport/ip/udp/udp_transport_posix_nopoll.c:5:
/home/nammy/micro_ros_ws/firmware/toolchain/esp-idf/components/soc/esp32/include/soc/cpu.h: In function 'cpu_configure_region_protection':
/home/nammy/micro_ros_ws/firmware/toolchain/esp-idf/components/soc/esp32/include/soc/cpu.h:77:23: warning: comparison of integer expressions of different signedness: 'int' and 'unsigned int' [-Wsign-compare]
     for (int i = 0; i < sizeof(pages_to_protect)/sizeof(pages_to_protect[0]); ++i) {
                       ^
In file included from /home/nammy/micro_ros_ws/firmware/toolchain/esp-idf/components/freertos/include/freertos/portable.h:89,
                 from /home/nammy/micro_ros_ws/firmware/toolchain/esp-idf/components/freertos/include/freertos/FreeRTOS.h:107,
                 from /home/nammy/micro_ros_ws/firmware/toolchain/esp-idf/components/lwip/port/esp32/include/arch/sys_arch.h:36,
                 from /home/nammy/micro_ros_ws/firmware/toolchain/esp-idf/components/lwip/port/esp32/include/arch/cc.h:42,
                 from /home/nammy/micro_ros_ws/firmware/toolchain/esp-idf/components/lwip/lwip/src/include/lwip/arch.h:48,
                 from /home/nammy/micro_ros_ws/firmware/toolchain/esp-idf/components/lwip/lwip/src/include/lwip/def.h:52,
                 from /home/nammy/micro_ros_ws/firmware/toolchain/esp-idf/components/lwip/lwip/src/include/lwip/ip_addr.h:41,
                 from /home/nammy/micro_ros_ws/firmware/toolchain/esp-idf/components/lwip/lwip/src/include/lwip/apps/sntp.h:41,
                 from /home/nammy/micro_ros_ws/firmware/toolchain/esp-idf/components/lwip/port/esp32/include/lwipopts.h:46,
                 from /home/nammy/micro_ros_ws/firmware/toolchain/esp-idf/components/lwip/lwip/src/include/lwip/opt.h:51,
                 from /home/nammy/micro_ros_ws/firmware/toolchain/esp-idf/components/lwip/lwip/src/include/lwip/sockets.h:42,
                 from /home/nammy/micro_ros_ws/firmware/toolchain/esp-idf/components/lwip/lwip/src/include/compat/posix/arpa/inet.h:33,
                 from /home/nammy/micro_ros_ws/firmware/mcu_ws/eProsima/Micro-XRCE-DDS-Client/src/c/profile/transport/ip/ip_posix.c:18:
/home/nammy/micro_ros_ws/firmware/toolchain/esp-idf/components/soc/esp32/include/soc/cpu.h: In function 'cpu_configure_region_protection':
/home/nammy/micro_ros_ws/firmware/toolchain/esp-idf/components/soc/esp32/include/soc/cpu.h:77:23: warning: comparison of integer expressions of different signedness: 'int' and 'unsigned int' [-Wsign-compare]
     for (int i = 0; i < sizeof(pages_to_protect)/sizeof(pages_to_protect[0]); ++i) {
                       ^
In file included from /home/nammy/micro_ros_ws/firmware/toolchain/esp-idf/components/freertos/include/freertos/portmacro.h:82,
                 from /home/nammy/micro_ros_ws/firmware/toolchain/esp-idf/components/freertos/include/freertos/portable.h:96,
                 from /home/nammy/micro_ros_ws/firmware/toolchain/esp-idf/components/freertos/include/freertos/FreeRTOS.h:107,
                 from /home/nammy/micro_ros_ws/firmware/toolchain/esp-idf/components/lwip/port/esp32/include/arch/sys_arch.h:36,
                 from /home/nammy/micro_ros_ws/firmware/toolchain/esp-idf/components/lwip/port/esp32/include/arch/cc.h:42,
                 from /home/nammy/micro_ros_ws/firmware/toolchain/esp-idf/components/lwip/lwip/src/include/lwip/arch.h:48,
                 from /home/nammy/micro_ros_ws/firmware/toolchain/esp-idf/components/lwip/lwip/src/include/lwip/def.h:52,
                 from /home/nammy/micro_ros_ws/firmware/toolchain/esp-idf/components/lwip/lwip/src/include/lwip/ip_addr.h:41,
                 from /home/nammy/micro_ros_ws/firmware/toolchain/esp-idf/components/lwip/lwip/src/include/lwip/apps/sntp.h:41,
                 from /home/nammy/micro_ros_ws/firmware/toolchain/esp-idf/components/lwip/port/esp32/include/lwipopts.h:46,
                 from /home/nammy/micro_ros_ws/firmware/toolchain/esp-idf/components/lwip/lwip/src/include/lwip/opt.h:51,
                 from /home/nammy/micro_ros_ws/firmware/toolchain/esp-idf/components/lwip/lwip/src/include/lwip/sockets.h:42,
                 from /home/nammy/micro_ros_ws/firmware/toolchain/esp-idf/components/lwip/lwip/src/include/compat/posix/sys/socket.h:33,
                 from /home/nammy/micro_ros_ws/firmware/mcu_ws/eProsima/Micro-XRCE-DDS-Client/src/c/profile/transport/ip/udp/udp_transport_posix_nopoll.c:5:
/home/nammy/micro_ros_ws/firmware/toolchain/esp-idf/components/xtensa/include/xtensa/xtruntime.h: In function '_xtos_interrupt_enable':
/home/nammy/micro_ros_ws/firmware/toolchain/esp-idf/components/xtensa/include/xtensa/xtruntime.h:161:21: warning: conversion to 'unsigned int' from 'int' may change the sign of the result [-Wsign-conversion]
     _xtos_ints_on(1 << intnum);
                   ~~^~~~~~~~~
/home/nammy/micro_ros_ws/firmware/toolchain/esp-idf/components/xtensa/include/xtensa/xtruntime.h: In function '_xtos_interrupt_disable':
/home/nammy/micro_ros_ws/firmware/toolchain/esp-idf/components/xtensa/include/xtensa/xtruntime.h:166:22: warning: conversion to 'unsigned int' from 'int' may change the sign of the result [-Wsign-conversion]
     _xtos_ints_off(1 << intnum);
                    ~~^~~~~~~~~
In file included from /home/nammy/micro_ros_ws/firmware/toolchain/esp-idf/components/freertos/include/freertos/portmacro.h:82,
                 from /home/nammy/micro_ros_ws/firmware/toolchain/esp-idf/components/freertos/include/freertos/portable.h:96,
                 from /home/nammy/micro_ros_ws/firmware/toolchain/esp-idf/components/freertos/include/freertos/FreeRTOS.h:107,
                 from /home/nammy/micro_ros_ws/firmware/toolchain/esp-idf/components/lwip/port/esp32/include/arch/sys_arch.h:36,
                 from /home/nammy/micro_ros_ws/firmware/toolchain/esp-idf/components/lwip/port/esp32/include/arch/cc.h:42,
                 from /home/nammy/micro_ros_ws/firmware/toolchain/esp-idf/components/lwip/lwip/src/include/lwip/arch.h:48,
                 from /home/nammy/micro_ros_ws/firmware/toolchain/esp-idf/components/lwip/lwip/src/include/lwip/def.h:52,
                 from /home/nammy/micro_ros_ws/firmware/toolchain/esp-idf/components/lwip/lwip/src/include/lwip/ip_addr.h:41,
                 from /home/nammy/micro_ros_ws/firmware/toolchain/esp-idf/components/lwip/lwip/src/include/lwip/apps/sntp.h:41,
                 from /home/nammy/micro_ros_ws/firmware/toolchain/esp-idf/components/lwip/port/esp32/include/lwipopts.h:46,
                 from /home/nammy/micro_ros_ws/firmware/toolchain/esp-idf/components/lwip/lwip/src/include/lwip/opt.h:51,
                 from /home/nammy/micro_ros_ws/firmware/toolchain/esp-idf/components/lwip/lwip/src/include/lwip/sockets.h:42,
                 from /home/nammy/micro_ros_ws/firmware/toolchain/esp-idf/components/lwip/lwip/src/include/compat/posix/arpa/inet.h:33,
                 from /home/nammy/micro_ros_ws/firmware/mcu_ws/eProsima/Micro-XRCE-DDS-Client/src/c/profile/transport/ip/ip_posix.c:18:
/home/nammy/micro_ros_ws/firmware/toolchain/esp-idf/components/xtensa/include/xtensa/xtruntime.h: In function '_xtos_interrupt_enable':
/home/nammy/micro_ros_ws/firmware/toolchain/esp-idf/components/xtensa/include/xtensa/xtruntime.h:161:21: warning: conversion to 'unsigned int' from 'int' may change the sign of the result [-Wsign-conversion]
     _xtos_ints_on(1 << intnum);
                   ~~^~~~~~~~~
/home/nammy/micro_ros_ws/firmware/toolchain/esp-idf/components/xtensa/include/xtensa/xtruntime.h: In function '_xtos_interrupt_disable':
/home/nammy/micro_ros_ws/firmware/toolchain/esp-idf/components/xtensa/include/xtensa/xtruntime.h:166:22: warning: conversion to 'unsigned int' from 'int' may change the sign of the result [-Wsign-conversion]
     _xtos_ints_off(1 << intnum);
                    ~~^~~~~~~~~
In file included from /home/nammy/micro_ros_ws/firmware/toolchain/esp-idf/components/freertos/include/freertos/task.h:80,
                 from /home/nammy/micro_ros_ws/firmware/toolchain/esp-idf/components/lwip/port/esp32/include/arch/sys_arch.h:37,
                 from /home/nammy/micro_ros_ws/firmware/toolchain/esp-idf/components/lwip/port/esp32/include/arch/cc.h:42,
                 from /home/nammy/micro_ros_ws/firmware/toolchain/esp-idf/components/lwip/lwip/src/include/lwip/arch.h:48,
                 from /home/nammy/micro_ros_ws/firmware/toolchain/esp-idf/components/lwip/lwip/src/include/lwip/def.h:52,
                 from /home/nammy/micro_ros_ws/firmware/toolchain/esp-idf/components/lwip/lwip/src/include/lwip/ip_addr.h:41,
                 from /home/nammy/micro_ros_ws/firmware/toolchain/esp-idf/components/lwip/lwip/src/include/lwip/apps/sntp.h:41,
                 from /home/nammy/micro_ros_ws/firmware/toolchain/esp-idf/components/lwip/port/esp32/include/lwipopts.h:46,
                 from /home/nammy/micro_ros_ws/firmware/toolchain/esp-idf/components/lwip/lwip/src/include/lwip/opt.h:51,
                 from /home/nammy/micro_ros_ws/firmware/toolchain/esp-idf/components/lwip/lwip/src/include/lwip/sockets.h:42,
                 from /home/nammy/micro_ros_ws/firmware/toolchain/esp-idf/components/lwip/lwip/src/include/compat/posix/sys/socket.h:33,
                 from /home/nammy/micro_ros_ws/firmware/mcu_ws/eProsima/Micro-XRCE-DDS-Client/src/c/profile/transport/ip/udp/udp_transport_posix_nopoll.c:5:
/home/nammy/micro_ros_ws/firmware/toolchain/esp-idf/components/freertos/include/freertos/list.h: At top level:
/home/nammy/micro_ros_ws/firmware/toolchain/esp-idf/components/freertos/include/freertos/list.h:194:1: warning: ISO C99 does not support '_Static_assert' [-Wpedantic]
 _Static_assert(sizeof(StaticListItem_t) == sizeof(ListItem_t), "StaticListItem_t != ListItem_t");
 ^~~~~~~~~~~~~~
/home/nammy/micro_ros_ws/firmware/toolchain/esp-idf/components/freertos/include/freertos/list.h:207:1: warning: ISO C99 does not support '_Static_assert' [-Wpedantic]
 _Static_assert(sizeof(StaticMiniListItem_t) == sizeof(MiniListItem_t), "StaticMiniListItem_t != MiniListItem_t");
 ^~~~~~~~~~~~~~
/home/nammy/micro_ros_ws/firmware/toolchain/esp-idf/components/freertos/include/freertos/list.h:224:1: warning: ISO C99 does not support '_Static_assert' [-Wpedantic]
 _Static_assert(sizeof(StaticList_t) == sizeof(List_t), "StaticList_t != List_t");
 ^~~~~~~~~~~~~~
In file included from /home/nammy/micro_ros_ws/firmware/toolchain/esp-idf/components/freertos/include/freertos/task.h:80,
                 from /home/nammy/micro_ros_ws/firmware/toolchain/esp-idf/components/lwip/port/esp32/include/arch/sys_arch.h:37,
                 from /home/nammy/micro_ros_ws/firmware/toolchain/esp-idf/components/lwip/port/esp32/include/arch/cc.h:42,
                 from /home/nammy/micro_ros_ws/firmware/toolchain/esp-idf/components/lwip/lwip/src/include/lwip/arch.h:48,
                 from /home/nammy/micro_ros_ws/firmware/toolchain/esp-idf/components/lwip/lwip/src/include/lwip/def.h:52,
                 from /home/nammy/micro_ros_ws/firmware/toolchain/esp-idf/components/lwip/lwip/src/include/lwip/ip_addr.h:41,
                 from /home/nammy/micro_ros_ws/firmware/toolchain/esp-idf/components/lwip/lwip/src/include/lwip/apps/sntp.h:41,
                 from /home/nammy/micro_ros_ws/firmware/toolchain/esp-idf/components/lwip/port/esp32/include/lwipopts.h:46,
                 from /home/nammy/micro_ros_ws/firmware/toolchain/esp-idf/components/lwip/lwip/src/include/lwip/opt.h:51,
                 from /home/nammy/micro_ros_ws/firmware/toolchain/esp-idf/components/lwip/lwip/src/include/lwip/sockets.h:42,
                 from /home/nammy/micro_ros_ws/firmware/toolchain/esp-idf/components/lwip/lwip/src/include/compat/posix/arpa/inet.h:33,
                 from /home/nammy/micro_ros_ws/firmware/mcu_ws/eProsima/Micro-XRCE-DDS-Client/src/c/profile/transport/ip/ip_posix.c:18:
/home/nammy/micro_ros_ws/firmware/toolchain/esp-idf/components/freertos/include/freertos/list.h: At top level:
/home/nammy/micro_ros_ws/firmware/toolchain/esp-idf/components/freertos/include/freertos/list.h:194:1: warning: ISO C99 does not support '_Static_assert' [-Wpedantic]
 _Static_assert(sizeof(StaticListItem_t) == sizeof(ListItem_t), "StaticListItem_t != ListItem_t");
 ^~~~~~~~~~~~~~
/home/nammy/micro_ros_ws/firmware/toolchain/esp-idf/components/freertos/include/freertos/list.h:207:1: warning: ISO C99 does not support '_Static_assert' [-Wpedantic]
 _Static_assert(sizeof(StaticMiniListItem_t) == sizeof(MiniListItem_t), "StaticMiniListItem_t != MiniListItem_t");
 ^~~~~~~~~~~~~~
/home/nammy/micro_ros_ws/firmware/toolchain/esp-idf/components/freertos/include/freertos/list.h:224:1: warning: ISO C99 does not support '_Static_assert' [-Wpedantic]
 _Static_assert(sizeof(StaticList_t) == sizeof(List_t), "StaticList_t != List_t");
 ^~~~~~~~~~~~~~
In file included from /home/nammy/micro_ros_ws/firmware/toolchain/esp-idf/components/lwip/lwip/src/include/lwip/def.h:52,
                 from /home/nammy/micro_ros_ws/firmware/toolchain/esp-idf/components/lwip/lwip/src/include/lwip/ip_addr.h:41,
                 from /home/nammy/micro_ros_ws/firmware/toolchain/esp-idf/components/lwip/lwip/src/include/lwip/apps/sntp.h:41,
                 from /home/nammy/micro_ros_ws/firmware/toolchain/esp-idf/components/lwip/port/esp32/include/lwipopts.h:46,
                 from /home/nammy/micro_ros_ws/firmware/toolchain/esp-idf/components/lwip/lwip/src/include/lwip/opt.h:51,
                 from /home/nammy/micro_ros_ws/firmware/toolchain/esp-idf/components/lwip/lwip/src/include/lwip/sockets.h:42,
                 from /home/nammy/micro_ros_ws/firmware/toolchain/esp-idf/components/lwip/lwip/src/include/compat/posix/sys/socket.h:33,
                 from /home/nammy/micro_ros_ws/firmware/mcu_ws/eProsima/Micro-XRCE-DDS-Client/src/c/profile/transport/ip/udp/udp_transport_posix_nopoll.c:5:
/home/nammy/micro_ros_ws/firmware/toolchain/esp-idf/components/lwip/lwip/src/include/lwip/arch.h:125:19: warning: redefinition of typedef 'u8_t' [-Wpedantic]
 typedef uint8_t   u8_t;
                   ^~~~
In file included from /home/nammy/micro_ros_ws/firmware/toolchain/esp-idf/components/lwip/lwip/src/include/lwip/arch.h:48,
                 from /home/nammy/micro_ros_ws/firmware/toolchain/esp-idf/components/lwip/lwip/src/include/lwip/def.h:52,
                 from /home/nammy/micro_ros_ws/firmware/toolchain/esp-idf/components/lwip/lwip/src/include/lwip/ip_addr.h:41,
                 from /home/nammy/micro_ros_ws/firmware/toolchain/esp-idf/components/lwip/lwip/src/include/lwip/apps/sntp.h:41,
                 from /home/nammy/micro_ros_ws/firmware/toolchain/esp-idf/components/lwip/port/esp32/include/lwipopts.h:46,
                 from /home/nammy/micro_ros_ws/firmware/toolchain/esp-idf/components/lwip/lwip/src/include/lwip/opt.h:51,
                 from /home/nammy/micro_ros_ws/firmware/toolchain/esp-idf/components/lwip/lwip/src/include/lwip/sockets.h:42,
                 from /home/nammy/micro_ros_ws/firmware/toolchain/esp-idf/components/lwip/lwip/src/include/compat/posix/sys/socket.h:33,
                 from /home/nammy/micro_ros_ws/firmware/mcu_ws/eProsima/Micro-XRCE-DDS-Client/src/c/profile/transport/ip/udp/udp_transport_posix_nopoll.c:5:
/home/nammy/micro_ros_ws/firmware/toolchain/esp-idf/components/lwip/port/esp32/include/arch/cc.h:48:18: note: previous declaration of 'u8_t' was here
 typedef uint8_t  u8_t;
                  ^~~~
In file included from /home/nammy/micro_ros_ws/firmware/toolchain/esp-idf/components/lwip/lwip/src/include/lwip/def.h:52,
                 from /home/nammy/micro_ros_ws/firmware/toolchain/esp-idf/components/lwip/lwip/src/include/lwip/ip_addr.h:41,
                 from /home/nammy/micro_ros_ws/firmware/toolchain/esp-idf/components/lwip/lwip/src/include/lwip/apps/sntp.h:41,
                 from /home/nammy/micro_ros_ws/firmware/toolchain/esp-idf/components/lwip/port/esp32/include/lwipopts.h:46,
                 from /home/nammy/micro_ros_ws/firmware/toolchain/esp-idf/components/lwip/lwip/src/include/lwip/opt.h:51,
                 from /home/nammy/micro_ros_ws/firmware/toolchain/esp-idf/components/lwip/lwip/src/include/lwip/sockets.h:42,
                 from /home/nammy/micro_ros_ws/firmware/toolchain/esp-idf/components/lwip/lwip/src/include/compat/posix/sys/socket.h:33,
                 from /home/nammy/micro_ros_ws/firmware/mcu_ws/eProsima/Micro-XRCE-DDS-Client/src/c/profile/transport/ip/udp/udp_transport_posix_nopoll.c:5:
/home/nammy/micro_ros_ws/firmware/toolchain/esp-idf/components/lwip/lwip/src/include/lwip/arch.h:126:19: warning: redefinition of typedef 's8_t' [-Wpedantic]
 typedef int8_t    s8_t;
                   ^~~~
In file included from /home/nammy/micro_ros_ws/firmware/toolchain/esp-idf/components/lwip/lwip/src/include/lwip/arch.h:48,
                 from /home/nammy/micro_ros_ws/firmware/toolchain/esp-idf/components/lwip/lwip/src/include/lwip/def.h:52,
                 from /home/nammy/micro_ros_ws/firmware/toolchain/esp-idf/components/lwip/lwip/src/include/lwip/ip_addr.h:41,
                 from /home/nammy/micro_ros_ws/firmware/toolchain/esp-idf/components/lwip/lwip/src/include/lwip/apps/sntp.h:41,
                 from /home/nammy/micro_ros_ws/firmware/toolchain/esp-idf/components/lwip/port/esp32/include/lwipopts.h:46,
                 from /home/nammy/micro_ros_ws/firmware/toolchain/esp-idf/components/lwip/lwip/src/include/lwip/opt.h:51,
                 from /home/nammy/micro_ros_ws/firmware/toolchain/esp-idf/components/lwip/lwip/src/include/lwip/sockets.h:42,
                 from /home/nammy/micro_ros_ws/firmware/toolchain/esp-idf/components/lwip/lwip/src/include/compat/posix/sys/socket.h:33,
                 from /home/nammy/micro_ros_ws/firmware/mcu_ws/eProsima/Micro-XRCE-DDS-Client/src/c/profile/transport/ip/udp/udp_transport_posix_nopoll.c:5:
/home/nammy/micro_ros_ws/firmware/toolchain/esp-idf/components/lwip/port/esp32/include/arch/cc.h:49:18: note: previous declaration of 's8_t' was here
 typedef int8_t   s8_t;
                  ^~~~
In file included from /home/nammy/micro_ros_ws/firmware/toolchain/esp-idf/components/lwip/lwip/src/include/lwip/def.h:52,
                 from /home/nammy/micro_ros_ws/firmware/toolchain/esp-idf/components/lwip/lwip/src/include/lwip/ip_addr.h:41,
                 from /home/nammy/micro_ros_ws/firmware/toolchain/esp-idf/components/lwip/lwip/src/include/lwip/apps/sntp.h:41,
                 from /home/nammy/micro_ros_ws/firmware/toolchain/esp-idf/components/lwip/port/esp32/include/lwipopts.h:46,
                 from /home/nammy/micro_ros_ws/firmware/toolchain/esp-idf/components/lwip/lwip/src/include/lwip/opt.h:51,
                 from /home/nammy/micro_ros_ws/firmware/toolchain/esp-idf/components/lwip/lwip/src/include/lwip/sockets.h:42,
                 from /home/nammy/micro_ros_ws/firmware/toolchain/esp-idf/components/lwip/lwip/src/include/compat/posix/sys/socket.h:33,
                 from /home/nammy/micro_ros_ws/firmware/mcu_ws/eProsima/Micro-XRCE-DDS-Client/src/c/profile/transport/ip/udp/udp_transport_posix_nopoll.c:5:
/home/nammy/micro_ros_ws/firmware/toolchain/esp-idf/components/lwip/lwip/src/include/lwip/arch.h:127:19: warning: redefinition of typedef 'u16_t' [-Wpedantic]
 typedef uint16_t  u16_t;
                   ^~~~~
In file included from /home/nammy/micro_ros_ws/firmware/toolchain/esp-idf/components/lwip/lwip/src/include/lwip/arch.h:48,
                 from /home/nammy/micro_ros_ws/firmware/toolchain/esp-idf/components/lwip/lwip/src/include/lwip/def.h:52,
                 from /home/nammy/micro_ros_ws/firmware/toolchain/esp-idf/components/lwip/lwip/src/include/lwip/ip_addr.h:41,
                 from /home/nammy/micro_ros_ws/firmware/toolchain/esp-idf/components/lwip/lwip/src/include/lwip/apps/sntp.h:41,
                 from /home/nammy/micro_ros_ws/firmware/toolchain/esp-idf/components/lwip/port/esp32/include/lwipopts.h:46,
                 from /home/nammy/micro_ros_ws/firmware/toolchain/esp-idf/components/lwip/lwip/src/include/lwip/opt.h:51,
                 from /home/nammy/micro_ros_ws/firmware/toolchain/esp-idf/components/lwip/lwip/src/include/lwip/sockets.h:42,
                 from /home/nammy/micro_ros_ws/firmware/toolchain/esp-idf/components/lwip/lwip/src/include/compat/posix/sys/socket.h:33,
                 from /home/nammy/micro_ros_ws/firmware/mcu_ws/eProsima/Micro-XRCE-DDS-Client/src/c/profile/transport/ip/udp/udp_transport_posix_nopoll.c:5:
/home/nammy/micro_ros_ws/firmware/toolchain/esp-idf/components/lwip/port/esp32/include/arch/cc.h:50:18: note: previous declaration of 'u16_t' was here
 typedef uint16_t u16_t;
                  ^~~~~
In file included from /home/nammy/micro_ros_ws/firmware/toolchain/esp-idf/components/lwip/lwip/src/include/lwip/def.h:52,
                 from /home/nammy/micro_ros_ws/firmware/toolchain/esp-idf/components/lwip/lwip/src/include/lwip/ip_addr.h:41,
                 from /home/nammy/micro_ros_ws/firmware/toolchain/esp-idf/components/lwip/lwip/src/include/lwip/apps/sntp.h:41,
                 from /home/nammy/micro_ros_ws/firmware/toolchain/esp-idf/components/lwip/port/esp32/include/lwipopts.h:46,
                 from /home/nammy/micro_ros_ws/firmware/toolchain/esp-idf/components/lwip/lwip/src/include/lwip/opt.h:51,
                 from /home/nammy/micro_ros_ws/firmware/toolchain/esp-idf/components/lwip/lwip/src/include/lwip/sockets.h:42,
                 from /home/nammy/micro_ros_ws/firmware/toolchain/esp-idf/components/lwip/lwip/src/include/compat/posix/sys/socket.h:33,
                 from /home/nammy/micro_ros_ws/firmware/mcu_ws/eProsima/Micro-XRCE-DDS-Client/src/c/profile/transport/ip/udp/udp_transport_posix_nopoll.c:5:
/home/nammy/micro_ros_ws/firmware/toolchain/esp-idf/components/lwip/lwip/src/include/lwip/arch.h:128:19: warning: redefinition of typedef 's16_t' [-Wpedantic]
 typedef int16_t   s16_t;
                   ^~~~~
In file included from /home/nammy/micro_ros_ws/firmware/toolchain/esp-idf/components/lwip/lwip/src/include/lwip/arch.h:48,
                 from /home/nammy/micro_ros_ws/firmware/toolchain/esp-idf/components/lwip/lwip/src/include/lwip/def.h:52,
                 from /home/nammy/micro_ros_ws/firmware/toolchain/esp-idf/components/lwip/lwip/src/include/lwip/ip_addr.h:41,
                 from /home/nammy/micro_ros_ws/firmware/toolchain/esp-idf/components/lwip/lwip/src/include/lwip/apps/sntp.h:41,
                 from /home/nammy/micro_ros_ws/firmware/toolchain/esp-idf/components/lwip/port/esp32/include/lwipopts.h:46,
                 from /home/nammy/micro_ros_ws/firmware/toolchain/esp-idf/components/lwip/lwip/src/include/lwip/opt.h:51,
                 from /home/nammy/micro_ros_ws/firmware/toolchain/esp-idf/components/lwip/lwip/src/include/lwip/sockets.h:42,
                 from /home/nammy/micro_ros_ws/firmware/toolchain/esp-idf/components/lwip/lwip/src/include/compat/posix/sys/socket.h:33,
                 from /home/nammy/micro_ros_ws/firmware/mcu_ws/eProsima/Micro-XRCE-DDS-Client/src/c/profile/transport/ip/udp/udp_transport_posix_nopoll.c:5:
/home/nammy/micro_ros_ws/firmware/toolchain/esp-idf/components/lwip/port/esp32/include/arch/cc.h:51:18: note: previous declaration of 's16_t' was here
 typedef int16_t  s16_t;
                  ^~~~~
In file included from /home/nammy/micro_ros_ws/firmware/toolchain/esp-idf/components/lwip/lwip/src/include/lwip/def.h:52,
                 from /home/nammy/micro_ros_ws/firmware/toolchain/esp-idf/components/lwip/lwip/src/include/lwip/ip_addr.h:41,
                 from /home/nammy/micro_ros_ws/firmware/toolchain/esp-idf/components/lwip/lwip/src/include/lwip/apps/sntp.h:41,
                 from /home/nammy/micro_ros_ws/firmware/toolchain/esp-idf/components/lwip/port/esp32/include/lwipopts.h:46,
                 from /home/nammy/micro_ros_ws/firmware/toolchain/esp-idf/components/lwip/lwip/src/include/lwip/opt.h:51,
                 from /home/nammy/micro_ros_ws/firmware/toolchain/esp-idf/components/lwip/lwip/src/include/lwip/sockets.h:42,
                 from /home/nammy/micro_ros_ws/firmware/toolchain/esp-idf/components/lwip/lwip/src/include/compat/posix/sys/socket.h:33,
                 from /home/nammy/micro_ros_ws/firmware/mcu_ws/eProsima/Micro-XRCE-DDS-Client/src/c/profile/transport/ip/udp/udp_transport_posix_nopoll.c:5:
/home/nammy/micro_ros_ws/firmware/toolchain/esp-idf/components/lwip/lwip/src/include/lwip/arch.h:129:19: warning: redefinition of typedef 'u32_t' [-Wpedantic]
 typedef uint32_t  u32_t;
                   ^~~~~
In file included from /home/nammy/micro_ros_ws/firmware/toolchain/esp-idf/components/lwip/lwip/src/include/lwip/arch.h:48,
                 from /home/nammy/micro_ros_ws/firmware/toolchain/esp-idf/components/lwip/lwip/src/include/lwip/def.h:52,
                 from /home/nammy/micro_ros_ws/firmware/toolchain/esp-idf/components/lwip/lwip/src/include/lwip/ip_addr.h:41,
                 from /home/nammy/micro_ros_ws/firmware/toolchain/esp-idf/components/lwip/lwip/src/include/lwip/apps/sntp.h:41,
                 from /home/nammy/micro_ros_ws/firmware/toolchain/esp-idf/components/lwip/port/esp32/include/lwipopts.h:46,
                 from /home/nammy/micro_ros_ws/firmware/toolchain/esp-idf/components/lwip/lwip/src/include/lwip/opt.h:51,
                 from /home/nammy/micro_ros_ws/firmware/toolchain/esp-idf/components/lwip/lwip/src/include/lwip/sockets.h:42,
                 from /home/nammy/micro_ros_ws/firmware/toolchain/esp-idf/components/lwip/lwip/src/include/compat/posix/sys/socket.h:33,
                 from /home/nammy/micro_ros_ws/firmware/mcu_ws/eProsima/Micro-XRCE-DDS-Client/src/c/profile/transport/ip/udp/udp_transport_posix_nopoll.c:5:
/home/nammy/micro_ros_ws/firmware/toolchain/esp-idf/components/lwip/port/esp32/include/arch/cc.h:52:18: note: previous declaration of 'u32_t' was here
 typedef uint32_t u32_t;
                  ^~~~~
In file included from /home/nammy/micro_ros_ws/firmware/toolchain/esp-idf/components/lwip/lwip/src/include/lwip/def.h:52,
                 from /home/nammy/micro_ros_ws/firmware/toolchain/esp-idf/components/lwip/lwip/src/include/lwip/ip_addr.h:41,
                 from /home/nammy/micro_ros_ws/firmware/toolchain/esp-idf/components/lwip/lwip/src/include/lwip/apps/sntp.h:41,
                 from /home/nammy/micro_ros_ws/firmware/toolchain/esp-idf/components/lwip/port/esp32/include/lwipopts.h:46,
                 from /home/nammy/micro_ros_ws/firmware/toolchain/esp-idf/components/lwip/lwip/src/include/lwip/opt.h:51,
                 from /home/nammy/micro_ros_ws/firmware/toolchain/esp-idf/components/lwip/lwip/src/include/lwip/sockets.h:42,
                 from /home/nammy/micro_ros_ws/firmware/toolchain/esp-idf/components/lwip/lwip/src/include/compat/posix/sys/socket.h:33,
                 from /home/nammy/micro_ros_ws/firmware/mcu_ws/eProsima/Micro-XRCE-DDS-Client/src/c/profile/transport/ip/udp/udp_transport_posix_nopoll.c:5:
/home/nammy/micro_ros_ws/firmware/toolchain/esp-idf/components/lwip/lwip/src/include/lwip/arch.h:130:19: warning: redefinition of typedef 's32_t' [-Wpedantic]
 typedef int32_t   s32_t;
                   ^~~~~
In file included from /home/nammy/micro_ros_ws/firmware/toolchain/esp-idf/components/lwip/lwip/src/include/lwip/arch.h:48,
                 from /home/nammy/micro_ros_ws/firmware/toolchain/esp-idf/components/lwip/lwip/src/include/lwip/def.h:52,
                 from /home/nammy/micro_ros_ws/firmware/toolchain/esp-idf/components/lwip/lwip/src/include/lwip/ip_addr.h:41,
                 from /home/nammy/micro_ros_ws/firmware/toolchain/esp-idf/components/lwip/lwip/src/include/lwip/apps/sntp.h:41,
                 from /home/nammy/micro_ros_ws/firmware/toolchain/esp-idf/components/lwip/port/esp32/include/lwipopts.h:46,
                 from /home/nammy/micro_ros_ws/firmware/toolchain/esp-idf/components/lwip/lwip/src/include/lwip/opt.h:51,
                 from /home/nammy/micro_ros_ws/firmware/toolchain/esp-idf/components/lwip/lwip/src/include/lwip/sockets.h:42,
                 from /home/nammy/micro_ros_ws/firmware/toolchain/esp-idf/components/lwip/lwip/src/include/compat/posix/sys/socket.h:33,
                 from /home/nammy/micro_ros_ws/firmware/mcu_ws/eProsima/Micro-XRCE-DDS-Client/src/c/profile/transport/ip/udp/udp_transport_posix_nopoll.c:5:
/home/nammy/micro_ros_ws/firmware/toolchain/esp-idf/components/lwip/port/esp32/include/arch/cc.h:53:18: note: previous declaration of 's32_t' was here
 typedef int32_t  s32_t;
                  ^~~~~
In file included from /home/nammy/micro_ros_ws/firmware/toolchain/esp-idf/components/lwip/lwip/src/include/lwip/def.h:52,
                 from /home/nammy/micro_ros_ws/firmware/toolchain/esp-idf/components/lwip/lwip/src/include/lwip/ip_addr.h:41,
                 from /home/nammy/micro_ros_ws/firmware/toolchain/esp-idf/components/lwip/lwip/src/include/lwip/apps/sntp.h:41,
                 from /home/nammy/micro_ros_ws/firmware/toolchain/esp-idf/components/lwip/port/esp32/include/lwipopts.h:46,
                 from /home/nammy/micro_ros_ws/firmware/toolchain/esp-idf/components/lwip/lwip/src/include/lwip/opt.h:51,
                 from /home/nammy/micro_ros_ws/firmware/toolchain/esp-idf/components/lwip/lwip/src/include/lwip/sockets.h:42,
                 from /home/nammy/micro_ros_ws/firmware/toolchain/esp-idf/components/lwip/lwip/src/include/compat/posix/arpa/inet.h:33,
                 from /home/nammy/micro_ros_ws/firmware/mcu_ws/eProsima/Micro-XRCE-DDS-Client/src/c/profile/transport/ip/ip_posix.c:18:
/home/nammy/micro_ros_ws/firmware/toolchain/esp-idf/components/lwip/lwip/src/include/lwip/arch.h:125:19: warning: redefinition of typedef 'u8_t' [-Wpedantic]
 typedef uint8_t   u8_t;
                   ^~~~
In file included from /home/nammy/micro_ros_ws/firmware/toolchain/esp-idf/components/lwip/lwip/src/include/lwip/arch.h:48,
                 from /home/nammy/micro_ros_ws/firmware/toolchain/esp-idf/components/lwip/lwip/src/include/lwip/def.h:52,
                 from /home/nammy/micro_ros_ws/firmware/toolchain/esp-idf/components/lwip/lwip/src/include/lwip/ip_addr.h:41,
                 from /home/nammy/micro_ros_ws/firmware/toolchain/esp-idf/components/lwip/lwip/src/include/lwip/apps/sntp.h:41,
                 from /home/nammy/micro_ros_ws/firmware/toolchain/esp-idf/components/lwip/port/esp32/include/lwipopts.h:46,
                 from /home/nammy/micro_ros_ws/firmware/toolchain/esp-idf/components/lwip/lwip/src/include/lwip/opt.h:51,
                 from /home/nammy/micro_ros_ws/firmware/toolchain/esp-idf/components/lwip/lwip/src/include/lwip/sockets.h:42,
                 from /home/nammy/micro_ros_ws/firmware/toolchain/esp-idf/components/lwip/lwip/src/include/compat/posix/arpa/inet.h:33,
                 from /home/nammy/micro_ros_ws/firmware/mcu_ws/eProsima/Micro-XRCE-DDS-Client/src/c/profile/transport/ip/ip_posix.c:18:
/home/nammy/micro_ros_ws/firmware/toolchain/esp-idf/components/lwip/port/esp32/include/arch/cc.h:48:18: note: previous declaration of 'u8_t' was here
 typedef uint8_t  u8_t;
                  ^~~~
In file included from /home/nammy/micro_ros_ws/firmware/toolchain/esp-idf/components/lwip/lwip/src/include/lwip/def.h:52,
                 from /home/nammy/micro_ros_ws/firmware/toolchain/esp-idf/components/lwip/lwip/src/include/lwip/ip_addr.h:41,
                 from /home/nammy/micro_ros_ws/firmware/toolchain/esp-idf/components/lwip/lwip/src/include/lwip/apps/sntp.h:41,
                 from /home/nammy/micro_ros_ws/firmware/toolchain/esp-idf/components/lwip/port/esp32/include/lwipopts.h:46,
                 from /home/nammy/micro_ros_ws/firmware/toolchain/esp-idf/components/lwip/lwip/src/include/lwip/opt.h:51,
                 from /home/nammy/micro_ros_ws/firmware/toolchain/esp-idf/components/lwip/lwip/src/include/lwip/sockets.h:42,
                 from /home/nammy/micro_ros_ws/firmware/toolchain/esp-idf/components/lwip/lwip/src/include/compat/posix/arpa/inet.h:33,
                 from /home/nammy/micro_ros_ws/firmware/mcu_ws/eProsima/Micro-XRCE-DDS-Client/src/c/profile/transport/ip/ip_posix.c:18:
/home/nammy/micro_ros_ws/firmware/toolchain/esp-idf/components/lwip/lwip/src/include/lwip/arch.h:126:19: warning: redefinition of typedef 's8_t' [-Wpedantic]
 typedef int8_t    s8_t;
                   ^~~~
In file included from /home/nammy/micro_ros_ws/firmware/toolchain/esp-idf/components/lwip/lwip/src/include/lwip/arch.h:48,
                 from /home/nammy/micro_ros_ws/firmware/toolchain/esp-idf/components/lwip/lwip/src/include/lwip/def.h:52,
                 from /home/nammy/micro_ros_ws/firmware/toolchain/esp-idf/components/lwip/lwip/src/include/lwip/ip_addr.h:41,
                 from /home/nammy/micro_ros_ws/firmware/toolchain/esp-idf/components/lwip/lwip/src/include/lwip/apps/sntp.h:41,
                 from /home/nammy/micro_ros_ws/firmware/toolchain/esp-idf/components/lwip/port/esp32/include/lwipopts.h:46,
                 from /home/nammy/micro_ros_ws/firmware/toolchain/esp-idf/components/lwip/lwip/src/include/lwip/opt.h:51,
                 from /home/nammy/micro_ros_ws/firmware/toolchain/esp-idf/components/lwip/lwip/src/include/lwip/sockets.h:42,
                 from /home/nammy/micro_ros_ws/firmware/toolchain/esp-idf/components/lwip/lwip/src/include/compat/posix/arpa/inet.h:33,
                 from /home/nammy/micro_ros_ws/firmware/mcu_ws/eProsima/Micro-XRCE-DDS-Client/src/c/profile/transport/ip/ip_posix.c:18:
/home/nammy/micro_ros_ws/firmware/toolchain/esp-idf/components/lwip/port/esp32/include/arch/cc.h:49:18: note: previous declaration of 's8_t' was here
 typedef int8_t   s8_t;
                  ^~~~
In file included from /home/nammy/micro_ros_ws/firmware/toolchain/esp-idf/components/lwip/lwip/src/include/lwip/def.h:52,
                 from /home/nammy/micro_ros_ws/firmware/toolchain/esp-idf/components/lwip/lwip/src/include/lwip/ip_addr.h:41,
                 from /home/nammy/micro_ros_ws/firmware/toolchain/esp-idf/components/lwip/lwip/src/include/lwip/apps/sntp.h:41,
                 from /home/nammy/micro_ros_ws/firmware/toolchain/esp-idf/components/lwip/port/esp32/include/lwipopts.h:46,
                 from /home/nammy/micro_ros_ws/firmware/toolchain/esp-idf/components/lwip/lwip/src/include/lwip/opt.h:51,
                 from /home/nammy/micro_ros_ws/firmware/toolchain/esp-idf/components/lwip/lwip/src/include/lwip/sockets.h:42,
                 from /home/nammy/micro_ros_ws/firmware/toolchain/esp-idf/components/lwip/lwip/src/include/compat/posix/arpa/inet.h:33,
                 from /home/nammy/micro_ros_ws/firmware/mcu_ws/eProsima/Micro-XRCE-DDS-Client/src/c/profile/transport/ip/ip_posix.c:18:
/home/nammy/micro_ros_ws/firmware/toolchain/esp-idf/components/lwip/lwip/src/include/lwip/arch.h:127:19: warning: redefinition of typedef 'u16_t' [-Wpedantic]
 typedef uint16_t  u16_t;
                   ^~~~~
In file included from /home/nammy/micro_ros_ws/firmware/toolchain/esp-idf/components/lwip/lwip/src/include/lwip/arch.h:48,
                 from /home/nammy/micro_ros_ws/firmware/toolchain/esp-idf/components/lwip/lwip/src/include/lwip/def.h:52,
                 from /home/nammy/micro_ros_ws/firmware/toolchain/esp-idf/components/lwip/lwip/src/include/lwip/ip_addr.h:41,
                 from /home/nammy/micro_ros_ws/firmware/toolchain/esp-idf/components/lwip/lwip/src/include/lwip/apps/sntp.h:41,
                 from /home/nammy/micro_ros_ws/firmware/toolchain/esp-idf/components/lwip/port/esp32/include/lwipopts.h:46,
                 from /home/nammy/micro_ros_ws/firmware/toolchain/esp-idf/components/lwip/lwip/src/include/lwip/opt.h:51,
                 from /home/nammy/micro_ros_ws/firmware/toolchain/esp-idf/components/lwip/lwip/src/include/lwip/sockets.h:42,
                 from /home/nammy/micro_ros_ws/firmware/toolchain/esp-idf/components/lwip/lwip/src/include/compat/posix/arpa/inet.h:33,
                 from /home/nammy/micro_ros_ws/firmware/mcu_ws/eProsima/Micro-XRCE-DDS-Client/src/c/profile/transport/ip/ip_posix.c:18:
/home/nammy/micro_ros_ws/firmware/toolchain/esp-idf/components/lwip/port/esp32/include/arch/cc.h:50:18: note: previous declaration of 'u16_t' was here
 typedef uint16_t u16_t;
                  ^~~~~
In file included from /home/nammy/micro_ros_ws/firmware/toolchain/esp-idf/components/lwip/lwip/src/include/lwip/def.h:52,
                 from /home/nammy/micro_ros_ws/firmware/toolchain/esp-idf/components/lwip/lwip/src/include/lwip/ip_addr.h:41,
                 from /home/nammy/micro_ros_ws/firmware/toolchain/esp-idf/components/lwip/lwip/src/include/lwip/apps/sntp.h:41,
                 from /home/nammy/micro_ros_ws/firmware/toolchain/esp-idf/components/lwip/port/esp32/include/lwipopts.h:46,
                 from /home/nammy/micro_ros_ws/firmware/toolchain/esp-idf/components/lwip/lwip/src/include/lwip/opt.h:51,
                 from /home/nammy/micro_ros_ws/firmware/toolchain/esp-idf/components/lwip/lwip/src/include/lwip/sockets.h:42,
                 from /home/nammy/micro_ros_ws/firmware/toolchain/esp-idf/components/lwip/lwip/src/include/compat/posix/arpa/inet.h:33,
                 from /home/nammy/micro_ros_ws/firmware/mcu_ws/eProsima/Micro-XRCE-DDS-Client/src/c/profile/transport/ip/ip_posix.c:18:
/home/nammy/micro_ros_ws/firmware/toolchain/esp-idf/components/lwip/lwip/src/include/lwip/arch.h:128:19: warning: redefinition of typedef 's16_t' [-Wpedantic]
 typedef int16_t   s16_t;
                   ^~~~~
In file included from /home/nammy/micro_ros_ws/firmware/toolchain/esp-idf/components/lwip/lwip/src/include/lwip/arch.h:48,
                 from /home/nammy/micro_ros_ws/firmware/toolchain/esp-idf/components/lwip/lwip/src/include/lwip/def.h:52,
                 from /home/nammy/micro_ros_ws/firmware/toolchain/esp-idf/components/lwip/lwip/src/include/lwip/ip_addr.h:41,
                 from /home/nammy/micro_ros_ws/firmware/toolchain/esp-idf/components/lwip/lwip/src/include/lwip/apps/sntp.h:41,
                 from /home/nammy/micro_ros_ws/firmware/toolchain/esp-idf/components/lwip/port/esp32/include/lwipopts.h:46,
                 from /home/nammy/micro_ros_ws/firmware/toolchain/esp-idf/components/lwip/lwip/src/include/lwip/opt.h:51,
                 from /home/nammy/micro_ros_ws/firmware/toolchain/esp-idf/components/lwip/lwip/src/include/lwip/sockets.h:42,
                 from /home/nammy/micro_ros_ws/firmware/toolchain/esp-idf/components/lwip/lwip/src/include/compat/posix/arpa/inet.h:33,
                 from /home/nammy/micro_ros_ws/firmware/mcu_ws/eProsima/Micro-XRCE-DDS-Client/src/c/profile/transport/ip/ip_posix.c:18:
/home/nammy/micro_ros_ws/firmware/toolchain/esp-idf/components/lwip/port/esp32/include/arch/cc.h:51:18: note: previous declaration of 's16_t' was here
 typedef int16_t  s16_t;
                  ^~~~~
In file included from /home/nammy/micro_ros_ws/firmware/toolchain/esp-idf/components/lwip/lwip/src/include/lwip/def.h:52,
                 from /home/nammy/micro_ros_ws/firmware/toolchain/esp-idf/components/lwip/lwip/src/include/lwip/ip_addr.h:41,
                 from /home/nammy/micro_ros_ws/firmware/toolchain/esp-idf/components/lwip/lwip/src/include/lwip/apps/sntp.h:41,
                 from /home/nammy/micro_ros_ws/firmware/toolchain/esp-idf/components/lwip/port/esp32/include/lwipopts.h:46,
                 from /home/nammy/micro_ros_ws/firmware/toolchain/esp-idf/components/lwip/lwip/src/include/lwip/opt.h:51,
                 from /home/nammy/micro_ros_ws/firmware/toolchain/esp-idf/components/lwip/lwip/src/include/lwip/sockets.h:42,
                 from /home/nammy/micro_ros_ws/firmware/toolchain/esp-idf/components/lwip/lwip/src/include/compat/posix/arpa/inet.h:33,
                 from /home/nammy/micro_ros_ws/firmware/mcu_ws/eProsima/Micro-XRCE-DDS-Client/src/c/profile/transport/ip/ip_posix.c:18:
/home/nammy/micro_ros_ws/firmware/toolchain/esp-idf/components/lwip/lwip/src/include/lwip/arch.h:129:19: warning: redefinition of typedef 'u32_t' [-Wpedantic]
 typedef uint32_t  u32_t;
                   ^~~~~
In file included from /home/nammy/micro_ros_ws/firmware/toolchain/esp-idf/components/lwip/lwip/src/include/lwip/arch.h:48,
                 from /home/nammy/micro_ros_ws/firmware/toolchain/esp-idf/components/lwip/lwip/src/include/lwip/def.h:52,
                 from /home/nammy/micro_ros_ws/firmware/toolchain/esp-idf/components/lwip/lwip/src/include/lwip/ip_addr.h:41,
                 from /home/nammy/micro_ros_ws/firmware/toolchain/esp-idf/components/lwip/lwip/src/include/lwip/apps/sntp.h:41,
                 from /home/nammy/micro_ros_ws/firmware/toolchain/esp-idf/components/lwip/port/esp32/include/lwipopts.h:46,
                 from /home/nammy/micro_ros_ws/firmware/toolchain/esp-idf/components/lwip/lwip/src/include/lwip/opt.h:51,
                 from /home/nammy/micro_ros_ws/firmware/toolchain/esp-idf/components/lwip/lwip/src/include/lwip/sockets.h:42,
                 from /home/nammy/micro_ros_ws/firmware/toolchain/esp-idf/components/lwip/lwip/src/include/compat/posix/arpa/inet.h:33,
                 from /home/nammy/micro_ros_ws/firmware/mcu_ws/eProsima/Micro-XRCE-DDS-Client/src/c/profile/transport/ip/ip_posix.c:18:
/home/nammy/micro_ros_ws/firmware/toolchain/esp-idf/components/lwip/port/esp32/include/arch/cc.h:52:18: note: previous declaration of 'u32_t' was here
 typedef uint32_t u32_t;
                  ^~~~~
In file included from /home/nammy/micro_ros_ws/firmware/toolchain/esp-idf/components/lwip/lwip/src/include/lwip/def.h:52,
                 from /home/nammy/micro_ros_ws/firmware/toolchain/esp-idf/components/lwip/lwip/src/include/lwip/ip_addr.h:41,
                 from /home/nammy/micro_ros_ws/firmware/toolchain/esp-idf/components/lwip/lwip/src/include/lwip/apps/sntp.h:41,
                 from /home/nammy/micro_ros_ws/firmware/toolchain/esp-idf/components/lwip/port/esp32/include/lwipopts.h:46,
                 from /home/nammy/micro_ros_ws/firmware/toolchain/esp-idf/components/lwip/lwip/src/include/lwip/opt.h:51,
                 from /home/nammy/micro_ros_ws/firmware/toolchain/esp-idf/components/lwip/lwip/src/include/lwip/sockets.h:42,
                 from /home/nammy/micro_ros_ws/firmware/toolchain/esp-idf/components/lwip/lwip/src/include/compat/posix/arpa/inet.h:33,
                 from /home/nammy/micro_ros_ws/firmware/mcu_ws/eProsima/Micro-XRCE-DDS-Client/src/c/profile/transport/ip/ip_posix.c:18:
/home/nammy/micro_ros_ws/firmware/toolchain/esp-idf/components/lwip/lwip/src/include/lwip/arch.h:130:19: warning: redefinition of typedef 's32_t' [-Wpedantic]
 typedef int32_t   s32_t;
                   ^~~~~
In file included from /home/nammy/micro_ros_ws/firmware/toolchain/esp-idf/components/lwip/lwip/src/include/lwip/arch.h:48,
                 from /home/nammy/micro_ros_ws/firmware/toolchain/esp-idf/components/lwip/lwip/src/include/lwip/def.h:52,
                 from /home/nammy/micro_ros_ws/firmware/toolchain/esp-idf/components/lwip/lwip/src/include/lwip/ip_addr.h:41,
                 from /home/nammy/micro_ros_ws/firmware/toolchain/esp-idf/components/lwip/lwip/src/include/lwip/apps/sntp.h:41,
                 from /home/nammy/micro_ros_ws/firmware/toolchain/esp-idf/components/lwip/port/esp32/include/lwipopts.h:46,
                 from /home/nammy/micro_ros_ws/firmware/toolchain/esp-idf/components/lwip/lwip/src/include/lwip/opt.h:51,
                 from /home/nammy/micro_ros_ws/firmware/toolchain/esp-idf/components/lwip/lwip/src/include/lwip/sockets.h:42,
                 from /home/nammy/micro_ros_ws/firmware/toolchain/esp-idf/components/lwip/lwip/src/include/compat/posix/arpa/inet.h:33,
                 from /home/nammy/micro_ros_ws/firmware/mcu_ws/eProsima/Micro-XRCE-DDS-Client/src/c/profile/transport/ip/ip_posix.c:18:
/home/nammy/micro_ros_ws/firmware/toolchain/esp-idf/components/lwip/port/esp32/include/arch/cc.h:53:18: note: previous declaration of 's32_t' was here
 typedef int32_t  s32_t;
                  ^~~~~
In file included from /home/nammy/micro_ros_ws/firmware/toolchain/esp-idf/components/lwip/lwip/src/include/lwip/opt.h:51,
                 from /home/nammy/micro_ros_ws/firmware/toolchain/esp-idf/components/lwip/lwip/src/include/lwip/sockets.h:42,
                 from /home/nammy/micro_ros_ws/firmware/toolchain/esp-idf/components/lwip/lwip/src/include/compat/posix/sys/socket.h:33,
                 from /home/nammy/micro_ros_ws/firmware/mcu_ws/eProsima/Micro-XRCE-DDS-Client/src/c/profile/transport/ip/udp/udp_transport_posix_nopoll.c:5:
/home/nammy/micro_ros_ws/firmware/toolchain/esp-idf/components/lwip/port/esp32/include/lwipopts.h:866: warning: "SNTP_SERVER_DNS" redefined
 #define SNTP_SERVER_DNS            1
 
In file included from /home/nammy/micro_ros_ws/firmware/toolchain/esp-idf/components/lwip/lwip/src/include/lwip/apps/sntp.h:40,
                 from /home/nammy/micro_ros_ws/firmware/toolchain/esp-idf/components/lwip/port/esp32/include/lwipopts.h:46,
                 from /home/nammy/micro_ros_ws/firmware/toolchain/esp-idf/components/lwip/lwip/src/include/lwip/opt.h:51,
                 from /home/nammy/micro_ros_ws/firmware/toolchain/esp-idf/components/lwip/lwip/src/include/lwip/sockets.h:42,
                 from /home/nammy/micro_ros_ws/firmware/toolchain/esp-idf/components/lwip/lwip/src/include/compat/posix/sys/socket.h:33,
                 from /home/nammy/micro_ros_ws/firmware/mcu_ws/eProsima/Micro-XRCE-DDS-Client/src/c/profile/transport/ip/udp/udp_transport_posix_nopoll.c:5:
/home/nammy/micro_ros_ws/firmware/toolchain/esp-idf/components/lwip/lwip/src/include/lwip/apps/sntp_opts.h:81: note: this is the location of the previous definition
 #define SNTP_SERVER_DNS            0
 
In file included from /home/nammy/micro_ros_ws/firmware/toolchain/esp-idf/components/lwip/lwip/src/include/lwip/opt.h:51,
                 from /home/nammy/micro_ros_ws/firmware/toolchain/esp-idf/components/lwip/lwip/src/include/lwip/sockets.h:42,
                 from /home/nammy/micro_ros_ws/firmware/toolchain/esp-idf/components/lwip/lwip/src/include/compat/posix/sys/socket.h:33,
                 from /home/nammy/micro_ros_ws/firmware/mcu_ws/eProsima/Micro-XRCE-DDS-Client/src/c/profile/transport/ip/udp/udp_transport_posix_nopoll.c:5:
/home/nammy/micro_ros_ws/firmware/toolchain/esp-idf/components/lwip/port/esp32/include/lwipopts.h:871: warning: "SNTP_UPDATE_DELAY" redefined
 #define SNTP_UPDATE_DELAY              (sntp_get_sync_interval())
 
In file included from /home/nammy/micro_ros_ws/firmware/toolchain/esp-idf/components/lwip/lwip/src/include/lwip/apps/sntp.h:40,
                 from /home/nammy/micro_ros_ws/firmware/toolchain/esp-idf/components/lwip/port/esp32/include/lwipopts.h:46,
                 from /home/nammy/micro_ros_ws/firmware/toolchain/esp-idf/components/lwip/lwip/src/include/lwip/opt.h:51,
                 from /home/nammy/micro_ros_ws/firmware/toolchain/esp-idf/components/lwip/lwip/src/include/lwip/sockets.h:42,
                 from /home/nammy/micro_ros_ws/firmware/toolchain/esp-idf/components/lwip/lwip/src/include/compat/posix/sys/socket.h:33,
                 from /home/nammy/micro_ros_ws/firmware/mcu_ws/eProsima/Micro-XRCE-DDS-Client/src/c/profile/transport/ip/udp/udp_transport_posix_nopoll.c:5:
/home/nammy/micro_ros_ws/firmware/toolchain/esp-idf/components/lwip/lwip/src/include/lwip/apps/sntp_opts.h:171: note: this is the location of the previous definition
 #define SNTP_UPDATE_DELAY           3600000
 
In file included from /home/nammy/micro_ros_ws/firmware/toolchain/esp-idf/components/lwip/lwip/src/include/lwip/opt.h:51,
                 from /home/nammy/micro_ros_ws/firmware/toolchain/esp-idf/components/lwip/lwip/src/include/lwip/sockets.h:42,
                 from /home/nammy/micro_ros_ws/firmware/toolchain/esp-idf/components/lwip/lwip/src/include/compat/posix/sys/socket.h:33,
                 from /home/nammy/micro_ros_ws/firmware/mcu_ws/eProsima/Micro-XRCE-DDS-Client/src/c/profile/transport/ip/udp/udp_transport_posix_nopoll.c:5:
/home/nammy/micro_ros_ws/firmware/toolchain/esp-idf/components/lwip/port/esp32/include/lwipopts.h:879: warning: "SNTP_GET_SYSTEM_TIME" redefined
 #define SNTP_GET_SYSTEM_TIME(sec, us) \
 
In file included from /home/nammy/micro_ros_ws/firmware/toolchain/esp-idf/components/lwip/lwip/src/include/lwip/apps/sntp.h:40,
                 from /home/nammy/micro_ros_ws/firmware/toolchain/esp-idf/components/lwip/port/esp32/include/lwipopts.h:46,
                 from /home/nammy/micro_ros_ws/firmware/toolchain/esp-idf/components/lwip/lwip/src/include/lwip/opt.h:51,
                 from /home/nammy/micro_ros_ws/firmware/toolchain/esp-idf/components/lwip/lwip/src/include/lwip/sockets.h:42,
                 from /home/nammy/micro_ros_ws/firmware/toolchain/esp-idf/components/lwip/lwip/src/include/compat/posix/sys/socket.h:33,
                 from /home/nammy/micro_ros_ws/firmware/mcu_ws/eProsima/Micro-XRCE-DDS-Client/src/c/profile/transport/ip/udp/udp_transport_posix_nopoll.c:5:
/home/nammy/micro_ros_ws/firmware/toolchain/esp-idf/components/lwip/lwip/src/include/lwip/apps/sntp_opts.h:181: note: this is the location of the previous definition
 #define SNTP_GET_SYSTEM_TIME(sec, us)     do { (sec) = 0; (us) = 0; } while(0)
 
In file included from /home/nammy/micro_ros_ws/firmware/toolchain/esp-idf/components/lwip/lwip/src/include/lwip/opt.h:51,
                 from /home/nammy/micro_ros_ws/firmware/toolchain/esp-idf/components/lwip/lwip/src/include/lwip/sockets.h:42,
                 from /home/nammy/micro_ros_ws/firmware/toolchain/esp-idf/components/lwip/lwip/src/include/compat/posix/arpa/inet.h:33,
                 from /home/nammy/micro_ros_ws/firmware/mcu_ws/eProsima/Micro-XRCE-DDS-Client/src/c/profile/transport/ip/ip_posix.c:18:
/home/nammy/micro_ros_ws/firmware/toolchain/esp-idf/components/lwip/port/esp32/include/lwipopts.h:866: warning: "SNTP_SERVER_DNS" redefined
 #define SNTP_SERVER_DNS            1
 
In file included from /home/nammy/micro_ros_ws/firmware/toolchain/esp-idf/components/lwip/lwip/src/include/lwip/apps/sntp.h:40,
                 from /home/nammy/micro_ros_ws/firmware/toolchain/esp-idf/components/lwip/port/esp32/include/lwipopts.h:46,
                 from /home/nammy/micro_ros_ws/firmware/toolchain/esp-idf/components/lwip/lwip/src/include/lwip/opt.h:51,
                 from /home/nammy/micro_ros_ws/firmware/toolchain/esp-idf/components/lwip/lwip/src/include/lwip/sockets.h:42,
                 from /home/nammy/micro_ros_ws/firmware/toolchain/esp-idf/components/lwip/lwip/src/include/compat/posix/arpa/inet.h:33,
                 from /home/nammy/micro_ros_ws/firmware/mcu_ws/eProsima/Micro-XRCE-DDS-Client/src/c/profile/transport/ip/ip_posix.c:18:
/home/nammy/micro_ros_ws/firmware/toolchain/esp-idf/components/lwip/lwip/src/include/lwip/apps/sntp_opts.h:81: note: this is the location of the previous definition
 #define SNTP_SERVER_DNS            0
 
In file included from /home/nammy/micro_ros_ws/firmware/toolchain/esp-idf/components/lwip/lwip/src/include/lwip/opt.h:51,
                 from /home/nammy/micro_ros_ws/firmware/toolchain/esp-idf/components/lwip/lwip/src/include/lwip/sockets.h:42,
                 from /home/nammy/micro_ros_ws/firmware/toolchain/esp-idf/components/lwip/lwip/src/include/compat/posix/arpa/inet.h:33,
                 from /home/nammy/micro_ros_ws/firmware/mcu_ws/eProsima/Micro-XRCE-DDS-Client/src/c/profile/transport/ip/ip_posix.c:18:
/home/nammy/micro_ros_ws/firmware/toolchain/esp-idf/components/lwip/port/esp32/include/lwipopts.h:871: warning: "SNTP_UPDATE_DELAY" redefined
 #define SNTP_UPDATE_DELAY              (sntp_get_sync_interval())
 
In file included from /home/nammy/micro_ros_ws/firmware/toolchain/esp-idf/components/lwip/lwip/src/include/lwip/apps/sntp.h:40,
                 from /home/nammy/micro_ros_ws/firmware/toolchain/esp-idf/components/lwip/port/esp32/include/lwipopts.h:46,
                 from /home/nammy/micro_ros_ws/firmware/toolchain/esp-idf/components/lwip/lwip/src/include/lwip/opt.h:51,
                 from /home/nammy/micro_ros_ws/firmware/toolchain/esp-idf/components/lwip/lwip/src/include/lwip/sockets.h:42,
                 from /home/nammy/micro_ros_ws/firmware/toolchain/esp-idf/components/lwip/lwip/src/include/compat/posix/arpa/inet.h:33,
                 from /home/nammy/micro_ros_ws/firmware/mcu_ws/eProsima/Micro-XRCE-DDS-Client/src/c/profile/transport/ip/ip_posix.c:18:
/home/nammy/micro_ros_ws/firmware/toolchain/esp-idf/components/lwip/lwip/src/include/lwip/apps/sntp_opts.h:171: note: this is the location of the previous definition
 #define SNTP_UPDATE_DELAY           3600000
 
In file included from /home/nammy/micro_ros_ws/firmware/toolchain/esp-idf/components/lwip/lwip/src/include/lwip/opt.h:51,
                 from /home/nammy/micro_ros_ws/firmware/toolchain/esp-idf/components/lwip/lwip/src/include/lwip/sockets.h:42,
                 from /home/nammy/micro_ros_ws/firmware/toolchain/esp-idf/components/lwip/lwip/src/include/compat/posix/arpa/inet.h:33,
                 from /home/nammy/micro_ros_ws/firmware/mcu_ws/eProsima/Micro-XRCE-DDS-Client/src/c/profile/transport/ip/ip_posix.c:18:
/home/nammy/micro_ros_ws/firmware/toolchain/esp-idf/components/lwip/port/esp32/include/lwipopts.h:879: warning: "SNTP_GET_SYSTEM_TIME" redefined
 #define SNTP_GET_SYSTEM_TIME(sec, us) \
 
In file included from /home/nammy/micro_ros_ws/firmware/toolchain/esp-idf/components/lwip/lwip/src/include/lwip/apps/sntp.h:40,
                 from /home/nammy/micro_ros_ws/firmware/toolchain/esp-idf/components/lwip/port/esp32/include/lwipopts.h:46,
                 from /home/nammy/micro_ros_ws/firmware/toolchain/esp-idf/components/lwip/lwip/src/include/lwip/opt.h:51,
                 from /home/nammy/micro_ros_ws/firmware/toolchain/esp-idf/components/lwip/lwip/src/include/lwip/sockets.h:42,
                 from /home/nammy/micro_ros_ws/firmware/toolchain/esp-idf/components/lwip/lwip/src/include/compat/posix/arpa/inet.h:33,
                 from /home/nammy/micro_ros_ws/firmware/mcu_ws/eProsima/Micro-XRCE-DDS-Client/src/c/profile/transport/ip/ip_posix.c:18:
/home/nammy/micro_ros_ws/firmware/toolchain/esp-idf/components/lwip/lwip/src/include/lwip/apps/sntp_opts.h:181: note: this is the location of the previous definition
 #define SNTP_GET_SYSTEM_TIME(sec, us)     do { (sec) = 0; (us) = 0; } while(0)
 
